#
# There is insufficient memory for the Java Runtime Environment to continue.
# Native memory allocation (malloc) failed to allocate 32744 bytes. Error detail: Chunk::new
# Possible reasons:
#   The system is out of physical RAM or swap space
#   This process is running with CompressedOops enabled, and the Java Heap may be blocking the growth of the native heap
# Possible solutions:
#   Reduce memory load on the system
#   Increase physical memory or swap space
#   Check if swap backing store is full
#   Decrease Java heap size (-Xmx/-Xms)
#   Decrease number of Java threads
#   Decrease Java thread stack sizes (-Xss)
#   Set larger code cache with -XX:ReservedCodeCacheSize=
#   JVM is running with Unscaled Compressed Oops mode in which the Java heap is
#     placed in the first 4GB address space. The Java Heap base address is the
#     maximum limit for the native heap growth. Please use -XX:HeapBaseMinAddress
#     to set the Java Heap base and to place the Java Heap above 4GB virtual address.
# This output file may be truncated or incomplete.
#
#  Out of Memory Error (arena.cpp:168), pid=24064, tid=3648
#
# JRE version: OpenJDK Runtime Environment Temurin-21.0.7+6 (21.0.7+6) (build 21.0.7+6-LTS)
# Java VM: OpenJDK 64-Bit Server VM Temurin-21.0.7+6 (21.0.7+6-LTS, mixed mode, sharing, tiered, compressed oops, compressed class ptrs, parallel gc, windows-amd64)
# No core dump will be written. Minidumps are not enabled by default on client versions of Windows
#

---------------  S U M M A R Y ------------

Command Line: --add-modules=ALL-SYSTEM --add-opens=java.base/java.util=ALL-UNNAMED --add-opens=java.base/java.lang=ALL-UNNAMED --add-opens=java.base/sun.nio.fs=ALL-UNNAMED -Declipse.application=org.eclipse.jdt.ls.core.id1 -Dosgi.bundles.defaultStartLevel=4 -Declipse.product=org.eclipse.jdt.ls.core.product -Djava.import.generatesMetadataFilesAtProjectRoot=false -DDetectVMInstallationsJob.disabled=true -Dfile.encoding=utf8 -XX:+UseParallelGC -XX:GCTimeRatio=4 -XX:AdaptiveSizePolicyWeight=90 -Dsun.zip.disableMemoryMapping=true -Xmx1G -Xms100m -Xlog:disable -javaagent:c:\Users\Maud\.vscode\extensions\redhat.java-1.42.0-win32-x64\lombok\lombok-1.18.36.jar -XX:+HeapDumpOnOutOfMemoryError -XX:HeapDumpPath=c:\Users\Maud\AppData\Roaming\Code\User\workspaceStorage\2afd65d604ca17908bea6cc3028f357a\redhat.java -Daether.dependencyCollector.impl=bf c:\Users\Maud\.vscode\extensions\redhat.java-1.42.0-win32-x64\server\plugins\org.eclipse.equinox.launcher_1.7.0.v20250424-1814.jar -configuration c:\Users\Maud\AppData\Roaming\Code\User\globalStorage\redhat.java\1.42.0\config_win -data c:\Users\Maud\AppData\Roaming\Code\User\workspaceStorage\2afd65d604ca17908bea6cc3028f357a\redhat.java\jdt_ws --pipe=\\.\pipe\lsp-03f08439e90d0092aa1df9da30bb6355-sock

Host: Intel(R) Core(TM) i5-4300M CPU @ 2.60GHz, 4 cores, 7G,  Windows 10 , 64 bit Build 19041 (10.0.19041.5794)
Time: Mon Jun  2 19:56:52 2025 Europe de l , 64 bit Build 19041 (10.0.19041.5794) elapsed time: 78.603933 seconds (0d 0h 1m 18s)

---------------  T H R E A D  ---------------

Current thread (0x000001cdd81a8f10):  JavaThread "C1 CompilerThread0" daemon [_thread_in_native, id=3648, stack(0x000000bea2700000,0x000000bea2800000) (1024K)]


Current CompileTask:
C1:78604 3875       3       org.objectweb.asm.ClassReader::readCode (5117 bytes)

Stack: [0x000000bea2700000,0x000000bea2800000]
Native frames: (J=compiled Java code, j=interpreted, Vv=VM code, C=native code)
V  [jvm.dll+0x6ce119]
V  [jvm.dll+0x8a84a1]
V  [jvm.dll+0x8aa9ce]
V  [jvm.dll+0x8ab0b3]
V  [jvm.dll+0x27f8a6]
V  [jvm.dll+0xc507d]
V  [jvm.dll+0xc55b3]
V  [jvm.dll+0x1940ce]
V  [jvm.dll+0x19c38b]
V  [jvm.dll+0x198bca]
V  [jvm.dll+0x153873]
V  [jvm.dll+0x1530b8]
V  [jvm.dll+0x153304]
V  [jvm.dll+0x152736]
V  [jvm.dll+0x15450d]
V  [jvm.dll+0x25695a]
V  [jvm.dll+0x254efa]
V  [jvm.dll+0x3f03f6]
V  [jvm.dll+0x851f6b]
V  [jvm.dll+0x6cc7dd]
C  [ucrtbase.dll+0x21bb2]
C  [KERNEL32.DLL+0x17374]
C  [ntdll.dll+0x4cc91]


---------------  P R O C E S S  ---------------

Threads class SMR info:
_java_thread_list=0x000001cdddb5dbc0, length=23, elements={
0x000001cd82d31830, 0x000001cd82dfe5b0, 0x000001cdd812f4f0, 0x000001cdd8130400,
0x000001cdd8131310, 0x000001cdd8134fe0, 0x000001cdd8135a30, 0x000001cdd81371a0,
0x000001cdd81a8f10, 0x000001cddd04ef10, 0x000001cddd1ac260, 0x000001cdd819ff90,
0x000001cddd4d0590, 0x000001cddd4bbf70, 0x000001cddd0674c0, 0x000001cddd982060,
0x000001cddd3fa7f0, 0x000001cdddb24020, 0x000001cddda1c9b0, 0x000001cddda1d6d0,
0x000001cddda1e3f0, 0x000001cddda1d040, 0x000001cddda1dd60
}

Java Threads: ( => current thread )
  0x000001cd82d31830 JavaThread "main"                              [_thread_blocked, id=23564, stack(0x000000bea1c00000,0x000000bea1d00000) (1024K)]
  0x000001cd82dfe5b0 JavaThread "Reference Handler"          daemon [_thread_blocked, id=21108, stack(0x000000bea2000000,0x000000bea2100000) (1024K)]
  0x000001cdd812f4f0 JavaThread "Finalizer"                  daemon [_thread_blocked, id=23840, stack(0x000000bea2100000,0x000000bea2200000) (1024K)]
  0x000001cdd8130400 JavaThread "Signal Dispatcher"          daemon [_thread_blocked, id=3344, stack(0x000000bea2200000,0x000000bea2300000) (1024K)]
  0x000001cdd8131310 JavaThread "Attach Listener"            daemon [_thread_blocked, id=4408, stack(0x000000bea2300000,0x000000bea2400000) (1024K)]
  0x000001cdd8134fe0 JavaThread "Service Thread"             daemon [_thread_blocked, id=7256, stack(0x000000bea2400000,0x000000bea2500000) (1024K)]
  0x000001cdd8135a30 JavaThread "Monitor Deflation Thread"   daemon [_thread_blocked, id=7632, stack(0x000000bea2500000,0x000000bea2600000) (1024K)]
  0x000001cdd81371a0 JavaThread "C2 CompilerThread0"         daemon [_thread_in_native, id=21832, stack(0x000000bea2600000,0x000000bea2700000) (1024K)]
=>0x000001cdd81a8f10 JavaThread "C1 CompilerThread0"         daemon [_thread_in_native, id=3648, stack(0x000000bea2700000,0x000000bea2800000) (1024K)]
  0x000001cddd04ef10 JavaThread "Common-Cleaner"             daemon [_thread_blocked, id=9408, stack(0x000000bea2800000,0x000000bea2900000) (1024K)]
  0x000001cddd1ac260 JavaThread "Notification Thread"        daemon [_thread_blocked, id=19468, stack(0x000000bea2900000,0x000000bea2a00000) (1024K)]
  0x000001cdd819ff90 JavaThread "Active Thread: Equinox Container: f8b52894-ea1c-4fbb-ac44-aabb9a9a3d7f"        [_thread_blocked, id=21852, stack(0x000000bea2d00000,0x000000bea2e00000) (1024K)]
  0x000001cddd4d0590 JavaThread "Refresh Thread: Equinox Container: f8b52894-ea1c-4fbb-ac44-aabb9a9a3d7f" daemon [_thread_blocked, id=17820, stack(0x000000bea1900000,0x000000bea1a00000) (1024K)]
  0x000001cddd4bbf70 JavaThread "Framework Event Dispatcher: Equinox Container: f8b52894-ea1c-4fbb-ac44-aabb9a9a3d7f" daemon [_thread_blocked, id=6528, stack(0x000000bea2e00000,0x000000bea2f00000) (1024K)]
  0x000001cddd0674c0 JavaThread "Start Level: Equinox Container: f8b52894-ea1c-4fbb-ac44-aabb9a9a3d7f" daemon [_thread_in_vm, id=2568, stack(0x000000bea2f00000,0x000000bea3000000) (1024K)]
  0x000001cddd982060 JavaThread "Bundle File Closer"         daemon [_thread_blocked, id=5232, stack(0x000000bea3000000,0x000000bea3100000) (1024K)]
  0x000001cddd3fa7f0 JavaThread "SCR Component Actor"        daemon [_thread_blocked, id=9356, stack(0x000000bea1a00000,0x000000bea1b00000) (1024K)]
  0x000001cdddb24020 JavaThread "SCR Component Registry"     daemon [_thread_blocked, id=20868, stack(0x000000bea3100000,0x000000bea3200000) (1024K)]
  0x000001cddda1c9b0 JavaThread "Worker-JM"                         [_thread_blocked, id=21440, stack(0x000000bea3200000,0x000000bea3300000) (1024K)]
  0x000001cddda1d6d0 JavaThread "JNA Cleaner"                daemon [_thread_blocked, id=24264, stack(0x000000bea3400000,0x000000bea3500000) (1024K)]
  0x000001cddda1e3f0 JavaThread "Worker-0: Checking project encoding"        [_thread_blocked, id=10552, stack(0x000000bea3500000,0x000000bea3600000) (1024K)]
  0x000001cddda1d040 JavaThread "Worker-1: Refreshing workspace"        [_thread_blocked, id=6584, stack(0x000000bea3600000,0x000000bea3700000) (1024K)]
  0x000001cddda1dd60 JavaThread "Worker-2"                          [_thread_blocked, id=14760, stack(0x000000bea3700000,0x000000bea3800000) (1024K)]
Total: 23

Other Threads:
  0x000001cd82deef70 VMThread "VM Thread"                           [id=18172, stack(0x000000bea1f00000,0x000000bea2000000) (1024K)]
  0x000001cd82d9c260 WatcherThread "VM Periodic Task Thread"        [id=23104, stack(0x000000bea1e00000,0x000000bea1f00000) (1024K)]
  0x000001cd82d50740 WorkerThread "GC Thread#0"                     [id=4320, stack(0x000000bea1d00000,0x000000bea1e00000) (1024K)]
  0x000001cddd795ae0 WorkerThread "GC Thread#1"                     [id=19836, stack(0x000000bea2a00000,0x000000bea2b00000) (1024K)]
  0x000001cddd55f670 WorkerThread "GC Thread#2"                     [id=1348, stack(0x000000bea2b00000,0x000000bea2c00000) (1024K)]
  0x000001cddd302db0 WorkerThread "GC Thread#3"                     [id=4160, stack(0x000000bea2c00000,0x000000bea2d00000) (1024K)]
Total: 6

Threads with active compile tasks:
C2 CompilerThread0  78647 3884       4       org.objectweb.asm.ClassReader::readUtf (44 bytes)
C1 CompilerThread0  78647 3875       3       org.objectweb.asm.ClassReader::readCode (5117 bytes)
Total: 2

VM state: not at safepoint (normal execution)

VM Mutex/Monitor currently owned by a thread: None

Heap address: 0x00000000c0000000, size: 1024 MB, Compressed Oops mode: 32-bit

CDS archive(s) mapped at: [0x000001cd97000000-0x000001cd97ba0000-0x000001cd97ba0000), size 12189696, SharedBaseAddress: 0x000001cd97000000, ArchiveRelocationMode: 1.
Compressed class space mapped at: 0x000001cd98000000-0x000001cdd8000000, reserved size: 1073741824
Narrow klass base: 0x000001cd97000000, Narrow klass shift: 0, Narrow klass range: 0x100000000

GC Precious Log:
 CardTable entry size: 512
 CPUs: 4 total, 4 available
 Memory: 7879M
 Large Page Support: Disabled
 NUMA Support: Disabled
 Compressed Oops: Enabled (32-bit)
 Alignments: Space 512K, Generation 512K, Heap 2M
 Heap Min Capacity: 100M
 Heap Initial Capacity: 100M
 Heap Max Capacity: 1G
 Pre-touch: Disabled
 Parallel Workers: 4

Heap:
 PSYoungGen      total 30720K, used 9870K [0x00000000eab00000, 0x00000000ed080000, 0x0000000100000000)
  eden space 24576K, 16% used [0x00000000eab00000,0x00000000eaedab68,0x00000000ec300000)
  from space 6144K, 96% used [0x00000000eca80000,0x00000000ed048dc0,0x00000000ed080000)
  to   space 6656K, 0% used [0x00000000ec380000,0x00000000ec380000,0x00000000eca00000)
 ParOldGen       total 68608K, used 9223K [0x00000000c0000000, 0x00000000c4300000, 0x00000000eab00000)
  object space 68608K, 13% used [0x00000000c0000000,0x00000000c0901c30,0x00000000c4300000)
 Metaspace       used 18928K, committed 19776K, reserved 1114112K
  class space    used 1900K, committed 2240K, reserved 1048576K

Card table byte_map: [0x000001cd826f0000,0x000001cd82900000] _byte_map_base: 0x000001cd820f0000

Marking Bits: (ParMarkBitMap*) 0x00007ffa32d631f0
 Begin Bits: [0x000001cd94f30000, 0x000001cd95f30000)
 End Bits:   [0x000001cd95f30000, 0x000001cd96f30000)

Polling page: 0x000001cd80a30000

Metaspace:

Usage:
  Non-class:     16.63 MB used.
      Class:      1.86 MB used.
       Both:     18.49 MB used.

Virtual space:
  Non-class space:       64.00 MB reserved,      17.12 MB ( 27%) committed,  1 nodes.
      Class space:        1.00 GB reserved,       2.19 MB ( <1%) committed,  1 nodes.
             Both:        1.06 GB reserved,      19.31 MB (  2%) committed. 

Chunk freelists:
   Non-Class:  14.61 MB
       Class:  13.79 MB
        Both:  28.40 MB

MaxMetaspaceSize: unlimited
CompressedClassSpaceSize: 1.00 GB
Initial GC threshold: 21.00 MB
Current GC threshold: 21.00 MB
CDS: on
 - commit_granule_bytes: 65536.
 - commit_granule_words: 8192.
 - virtual_space_node_default_size: 8388608.
 - enlarge_chunks_in_place: 1.
 - use_allocation_guard: 0.


Internal statistics:

num_allocs_failed_limit: 0.
num_arena_births: 582.
num_arena_deaths: 0.
num_vsnodes_births: 2.
num_vsnodes_deaths: 0.
num_space_committed: 309.
num_space_uncommitted: 0.
num_chunks_returned_to_freelist: 0.
num_chunks_taken_from_freelist: 1263.
num_chunk_merges: 0.
num_chunk_splits: 819.
num_chunks_enlarged: 525.
num_inconsistent_stats: 0.

CodeHeap 'non-profiled nmethods': size=120000Kb used=1752Kb max_used=1752Kb free=118248Kb
 bounds [0x000001cd8da00000, 0x000001cd8dc70000, 0x000001cd94f30000]
CodeHeap 'profiled nmethods': size=120000Kb used=7982Kb max_used=7982Kb free=112017Kb
 bounds [0x000001cd85f30000, 0x000001cd86700000, 0x000001cd8d460000]
CodeHeap 'non-nmethods': size=5760Kb used=1280Kb max_used=1311Kb free=4479Kb
 bounds [0x000001cd8d460000, 0x000001cd8d6d0000, 0x000001cd8da00000]
 total_blobs=4432 nmethods=3872 adapters=466
 compilation: enabled
              stopped_count=0, restarted_count=0
 full_count=0

Compilation events (20 events):
Event: 78.574 Thread 0x000001cdd81a8f10 3864       3       org.objectweb.asm.tree.LineNumberNode::accept (16 bytes)
Event: 78.574 Thread 0x000001cdd81a8f10 nmethod 3864 0x000001cd866f8e10 code [0x000001cd866f8fe0, 0x000001cd866f9398]
Event: 78.574 Thread 0x000001cdd81a8f10 3865       3       org.objectweb.asm.MethodVisitor::visitLineNumber (17 bytes)
Event: 78.574 Thread 0x000001cdd81a8f10 nmethod 3865 0x000001cd866f9510 code [0x000001cd866f96c0, 0x000001cd866f98c8]
Event: 78.574 Thread 0x000001cdd81a8f10 3866       3       org.objectweb.asm.MethodWriter::visitLineNumber (50 bytes)
Event: 78.574 Thread 0x000001cdd81a8f10 nmethod 3866 0x000001cd866f9990 code [0x000001cd866f9b60, 0x000001cd866f9f48]
Event: 78.574 Thread 0x000001cdd81a8f10 3869       1       org.objectweb.asm.tree.InsnList::getLast (5 bytes)
Event: 78.574 Thread 0x000001cdd81a8f10 nmethod 3869 0x000001cd8dbb5510 code [0x000001cd8dbb56a0, 0x000001cd8dbb5768]
Event: 78.575 Thread 0x000001cdd81a8f10 3870       3       org.objectweb.asm.SymbolTable$Entry::<init> (18 bytes)
Event: 78.575 Thread 0x000001cdd81a8f10 nmethod 3870 0x000001cd866fa110 code [0x000001cd866fa2c0, 0x000001cd866fa438]
Event: 78.580 Thread 0x000001cdd81371a0 3871       4       java.lang.ThreadLocal::get (8 bytes)
Event: 78.580 Thread 0x000001cdd81a8f10 3872   !   3       java.lang.ref.ReferenceQueue::poll (40 bytes)
Event: 78.581 Thread 0x000001cdd81a8f10 nmethod 3872 0x000001cd866fa510 code [0x000001cd866fa780, 0x000001cd866fb1d0]
Event: 78.583 Thread 0x000001cdd81371a0 nmethod 3871 0x000001cd8dbb5810 code [0x000001cd8dbb59c0, 0x000001cd8dbb5b60]
Event: 78.583 Thread 0x000001cdd81a8f10 3873       3       org.objectweb.asm.Frame::<init> (10 bytes)
Event: 78.584 Thread 0x000001cdd81a8f10 nmethod 3873 0x000001cd866fb590 code [0x000001cd866fb740, 0x000001cd866fb8c8]
Event: 78.584 Thread 0x000001cdd81a8f10 3874       1       java.util.concurrent.CopyOnWriteArrayList::setArray (6 bytes)
Event: 78.584 Thread 0x000001cdd81a8f10 nmethod 3874 0x000001cd8dbb5d10 code [0x000001cd8dbb5ea0, 0x000001cd8dbb5f88]
Event: 78.585 Thread 0x000001cdd81a8f10 3875       3       org.objectweb.asm.ClassReader::readCode (5117 bytes)
Event: 78.591 Thread 0x000001cdd81371a0 3884       4       org.objectweb.asm.ClassReader::readUtf (44 bytes)

GC Heap History (12 events):
Event: 4.491 GC heap before
{Heap before GC invocations=1 (full 0):
 PSYoungGen      total 29696K, used 25600K [0x00000000eab00000, 0x00000000ecc00000, 0x0000000100000000)
  eden space 25600K, 100% used [0x00000000eab00000,0x00000000ec400000,0x00000000ec400000)
  from space 4096K, 0% used [0x00000000ec800000,0x00000000ec800000,0x00000000ecc00000)
  to   space 4096K, 0% used [0x00000000ec400000,0x00000000ec400000,0x00000000ec800000)
 ParOldGen       total 68608K, used 0K [0x00000000c0000000, 0x00000000c4300000, 0x00000000eab00000)
  object space 68608K, 0% used [0x00000000c0000000,0x00000000c0000000,0x00000000c4300000)
 Metaspace       used 4353K, committed 4544K, reserved 1114112K
  class space    used 460K, committed 576K, reserved 1048576K
}
Event: 4.568 GC heap after
{Heap after GC invocations=1 (full 0):
 PSYoungGen      total 29696K, used 3238K [0x00000000eab00000, 0x00000000ecc00000, 0x0000000100000000)
  eden space 25600K, 0% used [0x00000000eab00000,0x00000000eab00000,0x00000000ec400000)
  from space 4096K, 79% used [0x00000000ec400000,0x00000000ec729870,0x00000000ec800000)
  to   space 4096K, 0% used [0x00000000ec800000,0x00000000ec800000,0x00000000ecc00000)
 ParOldGen       total 68608K, used 0K [0x00000000c0000000, 0x00000000c4300000, 0x00000000eab00000)
  object space 68608K, 0% used [0x00000000c0000000,0x00000000c0000000,0x00000000c4300000)
 Metaspace       used 4353K, committed 4544K, reserved 1114112K
  class space    used 460K, committed 576K, reserved 1048576K
}
Event: 34.143 GC heap before
{Heap before GC invocations=2 (full 0):
 PSYoungGen      total 29696K, used 28838K [0x00000000eab00000, 0x00000000ecc00000, 0x0000000100000000)
  eden space 25600K, 100% used [0x00000000eab00000,0x00000000ec400000,0x00000000ec400000)
  from space 4096K, 79% used [0x00000000ec400000,0x00000000ec729870,0x00000000ec800000)
  to   space 4096K, 0% used [0x00000000ec800000,0x00000000ec800000,0x00000000ecc00000)
 ParOldGen       total 68608K, used 0K [0x00000000c0000000, 0x00000000c4300000, 0x00000000eab00000)
  object space 68608K, 0% used [0x00000000c0000000,0x00000000c0000000,0x00000000c4300000)
 Metaspace       used 8098K, committed 8384K, reserved 1114112K
  class space    used 814K, committed 960K, reserved 1048576K
}
Event: 34.152 GC heap after
{Heap after GC invocations=2 (full 0):
 PSYoungGen      total 29696K, used 4068K [0x00000000eab00000, 0x00000000ecc00000, 0x0000000100000000)
  eden space 25600K, 0% used [0x00000000eab00000,0x00000000eab00000,0x00000000ec400000)
  from space 4096K, 99% used [0x00000000ec800000,0x00000000ecbf91d8,0x00000000ecc00000)
  to   space 4096K, 0% used [0x00000000ec400000,0x00000000ec400000,0x00000000ec800000)
 ParOldGen       total 68608K, used 1750K [0x00000000c0000000, 0x00000000c4300000, 0x00000000eab00000)
  object space 68608K, 2% used [0x00000000c0000000,0x00000000c01b59a0,0x00000000c4300000)
 Metaspace       used 8098K, committed 8384K, reserved 1114112K
  class space    used 814K, committed 960K, reserved 1048576K
}
Event: 46.928 GC heap before
{Heap before GC invocations=3 (full 0):
 PSYoungGen      total 29696K, used 29668K [0x00000000eab00000, 0x00000000ecc00000, 0x0000000100000000)
  eden space 25600K, 100% used [0x00000000eab00000,0x00000000ec400000,0x00000000ec400000)
  from space 4096K, 99% used [0x00000000ec800000,0x00000000ecbf91d8,0x00000000ecc00000)
  to   space 4096K, 0% used [0x00000000ec400000,0x00000000ec400000,0x00000000ec800000)
 ParOldGen       total 68608K, used 1750K [0x00000000c0000000, 0x00000000c4300000, 0x00000000eab00000)
  object space 68608K, 2% used [0x00000000c0000000,0x00000000c01b59a0,0x00000000c4300000)
 Metaspace       used 9694K, committed 10048K, reserved 1114112K
  class space    used 984K, committed 1152K, reserved 1048576K
}
Event: 46.935 GC heap after
{Heap after GC invocations=3 (full 0):
 PSYoungGen      total 29696K, used 4092K [0x00000000eab00000, 0x00000000ecc00000, 0x0000000100000000)
  eden space 25600K, 0% used [0x00000000eab00000,0x00000000eab00000,0x00000000ec400000)
  from space 4096K, 99% used [0x00000000ec400000,0x00000000ec7ff3d8,0x00000000ec800000)
  to   space 4096K, 0% used [0x00000000ec800000,0x00000000ec800000,0x00000000ecc00000)
 ParOldGen       total 68608K, used 4342K [0x00000000c0000000, 0x00000000c4300000, 0x00000000eab00000)
  object space 68608K, 6% used [0x00000000c0000000,0x00000000c043d8b0,0x00000000c4300000)
 Metaspace       used 9694K, committed 10048K, reserved 1114112K
  class space    used 984K, committed 1152K, reserved 1048576K
}
Event: 74.081 GC heap before
{Heap before GC invocations=4 (full 0):
 PSYoungGen      total 29696K, used 29692K [0x00000000eab00000, 0x00000000ecc00000, 0x0000000100000000)
  eden space 25600K, 100% used [0x00000000eab00000,0x00000000ec400000,0x00000000ec400000)
  from space 4096K, 99% used [0x00000000ec400000,0x00000000ec7ff3d8,0x00000000ec800000)
  to   space 4096K, 0% used [0x00000000ec800000,0x00000000ec800000,0x00000000ecc00000)
 ParOldGen       total 68608K, used 4342K [0x00000000c0000000, 0x00000000c4300000, 0x00000000eab00000)
  object space 68608K, 6% used [0x00000000c0000000,0x00000000c043d8b0,0x00000000c4300000)
 Metaspace       used 12039K, committed 12416K, reserved 1114112K
  class space    used 1224K, committed 1408K, reserved 1048576K
}
Event: 74.088 GC heap after
{Heap after GC invocations=4 (full 0):
 PSYoungGen      total 29696K, used 4071K [0x00000000eab00000, 0x00000000ecc00000, 0x0000000100000000)
  eden space 25600K, 0% used [0x00000000eab00000,0x00000000eab00000,0x00000000ec400000)
  from space 4096K, 99% used [0x00000000ec800000,0x00000000ecbf9fc0,0x00000000ecc00000)
  to   space 4096K, 0% used [0x00000000ec400000,0x00000000ec400000,0x00000000ec800000)
 ParOldGen       total 68608K, used 6613K [0x00000000c0000000, 0x00000000c4300000, 0x00000000eab00000)
  object space 68608K, 9% used [0x00000000c0000000,0x00000000c06755a8,0x00000000c4300000)
 Metaspace       used 12039K, committed 12416K, reserved 1114112K
  class space    used 1224K, committed 1408K, reserved 1048576K
}
Event: 76.480 GC heap before
{Heap before GC invocations=5 (full 0):
 PSYoungGen      total 29696K, used 29671K [0x00000000eab00000, 0x00000000ecc00000, 0x0000000100000000)
  eden space 25600K, 100% used [0x00000000eab00000,0x00000000ec400000,0x00000000ec400000)
  from space 4096K, 99% used [0x00000000ec800000,0x00000000ecbf9fc0,0x00000000ecc00000)
  to   space 4096K, 0% used [0x00000000ec400000,0x00000000ec400000,0x00000000ec800000)
 ParOldGen       total 68608K, used 6613K [0x00000000c0000000, 0x00000000c4300000, 0x00000000eab00000)
  object space 68608K, 9% used [0x00000000c0000000,0x00000000c06755a8,0x00000000c4300000)
 Metaspace       used 15144K, committed 15744K, reserved 1114112K
  class space    used 1493K, committed 1728K, reserved 1048576K
}
Event: 76.488 GC heap after
{Heap after GC invocations=5 (full 0):
 PSYoungGen      total 29184K, used 4095K [0x00000000eab00000, 0x00000000ed180000, 0x0000000100000000)
  eden space 25088K, 0% used [0x00000000eab00000,0x00000000eab00000,0x00000000ec380000)
  from space 4096K, 99% used [0x00000000ec400000,0x00000000ec7ffe10,0x00000000ec800000)
  to   space 7168K, 0% used [0x00000000eca80000,0x00000000eca80000,0x00000000ed180000)
 ParOldGen       total 68608K, used 9215K [0x00000000c0000000, 0x00000000c4300000, 0x00000000eab00000)
  object space 68608K, 13% used [0x00000000c0000000,0x00000000c08ffc30,0x00000000c4300000)
 Metaspace       used 15144K, committed 15744K, reserved 1114112K
  class space    used 1493K, committed 1728K, reserved 1048576K
}
Event: 78.537 GC heap before
{Heap before GC invocations=6 (full 0):
 PSYoungGen      total 29184K, used 29183K [0x00000000eab00000, 0x00000000ed180000, 0x0000000100000000)
  eden space 25088K, 100% used [0x00000000eab00000,0x00000000ec380000,0x00000000ec380000)
  from space 4096K, 99% used [0x00000000ec400000,0x00000000ec7ffe10,0x00000000ec800000)
  to   space 7168K, 0% used [0x00000000eca80000,0x00000000eca80000,0x00000000ed180000)
 ParOldGen       total 68608K, used 9215K [0x00000000c0000000, 0x00000000c4300000, 0x00000000eab00000)
  object space 68608K, 13% used [0x00000000c0000000,0x00000000c08ffc30,0x00000000c4300000)
 Metaspace       used 18606K, committed 19392K, reserved 1114112K
  class space    used 1867K, committed 2176K, reserved 1048576K
}
Event: 78.545 GC heap after
{Heap after GC invocations=6 (full 0):
 PSYoungGen      total 30720K, used 5923K [0x00000000eab00000, 0x00000000ed080000, 0x0000000100000000)
  eden space 24576K, 0% used [0x00000000eab00000,0x00000000eab00000,0x00000000ec300000)
  from space 6144K, 96% used [0x00000000eca80000,0x00000000ed048dc0,0x00000000ed080000)
  to   space 6656K, 0% used [0x00000000ec380000,0x00000000ec380000,0x00000000eca00000)
 ParOldGen       total 68608K, used 9223K [0x00000000c0000000, 0x00000000c4300000, 0x00000000eab00000)
  object space 68608K, 13% used [0x00000000c0000000,0x00000000c0901c30,0x00000000c4300000)
 Metaspace       used 18606K, committed 19392K, reserved 1114112K
  class space    used 1867K, committed 2176K, reserved 1048576K
}

Dll operation events (10 events):
Event: 0.035 Loaded shared library c:\Users\Maud\.vscode\extensions\redhat.java-1.42.0-win32-x64\jre\21.0.7-win32-x86_64\bin\java.dll
Event: 0.344 Loaded shared library c:\Users\Maud\.vscode\extensions\redhat.java-1.42.0-win32-x64\jre\21.0.7-win32-x86_64\bin\zip.dll
Event: 0.424 Loaded shared library C:\Users\Maud\.vscode\extensions\redhat.java-1.42.0-win32-x64\jre\21.0.7-win32-x86_64\bin\instrument.dll
Event: 0.431 Loaded shared library C:\Users\Maud\.vscode\extensions\redhat.java-1.42.0-win32-x64\jre\21.0.7-win32-x86_64\bin\net.dll
Event: 0.477 Loaded shared library C:\Users\Maud\.vscode\extensions\redhat.java-1.42.0-win32-x64\jre\21.0.7-win32-x86_64\bin\nio.dll
Event: 0.494 Loaded shared library C:\Users\Maud\.vscode\extensions\redhat.java-1.42.0-win32-x64\jre\21.0.7-win32-x86_64\bin\zip.dll
Event: 0.683 Loaded shared library C:\Users\Maud\.vscode\extensions\redhat.java-1.42.0-win32-x64\jre\21.0.7-win32-x86_64\bin\jimage.dll
Event: 0.888 Loaded shared library c:\Users\Maud\.vscode\extensions\redhat.java-1.42.0-win32-x64\jre\21.0.7-win32-x86_64\bin\verify.dll
Event: 34.276 Loaded shared library C:\Users\Maud\AppData\Roaming\Code\User\globalStorage\redhat.java\1.42.0\config_win\org.eclipse.equinox.launcher\org.eclipse.equinox.launcher.win32.win32.x86_64_1.2.1300.v20250331-1702\eclipse_11911.dll
Event: 77.900 Loaded shared library C:\Users\Maud\AppData\Local\Temp\jna-2390851\jna11593902429474624682.dll

Deoptimization events (20 events):
Event: 78.550 Thread 0x000001cddd0674c0 Uncommon trap: trap_request=0xffffff45 fr.pc=0x000001cd8db44e10 relative=0x0000000000000070
Event: 78.550 Thread 0x000001cddd0674c0 Uncommon trap: reason=unstable_if action=reinterpret pc=0x000001cd8db44e10 method=java.lang.ref.ReferenceQueue.poll()Ljava/lang/ref/Reference; @ 4 c2
Event: 78.550 Thread 0x000001cddd0674c0 DEOPT PACKING pc=0x000001cd8db44e10 sp=0x000000bea2ff2bb0
Event: 78.550 Thread 0x000001cddd0674c0 DEOPT UNPACKING pc=0x000001cd8d4b3aa2 sp=0x000000bea2ff2b38 mode 2
Event: 78.557 Thread 0x000001cddd0674c0 Uncommon trap: trap_request=0xffffffde fr.pc=0x000001cd8db63e70 relative=0x0000000000000050
Event: 78.557 Thread 0x000001cddd0674c0 Uncommon trap: reason=class_check action=maybe_recompile pc=0x000001cd8db63e70 method=java.lang.invoke.DirectMethodHandle.internalMemberName(Ljava/lang/Object;)Ljava/lang/Object; @ 1 c2
Event: 78.557 Thread 0x000001cddd0674c0 DEOPT PACKING pc=0x000001cd8db63e70 sp=0x000000bea2ff36c0
Event: 78.557 Thread 0x000001cddd0674c0 DEOPT UNPACKING pc=0x000001cd8d4b3aa2 sp=0x000000bea2ff3650 mode 2
Event: 78.557 Thread 0x000001cddd0674c0 Uncommon trap: trap_request=0xffffffde fr.pc=0x000001cd8db63e70 relative=0x0000000000000050
Event: 78.557 Thread 0x000001cddd0674c0 Uncommon trap: reason=class_check action=maybe_recompile pc=0x000001cd8db63e70 method=java.lang.invoke.DirectMethodHandle.internalMemberName(Ljava/lang/Object;)Ljava/lang/Object; @ 1 c2
Event: 78.557 Thread 0x000001cddd0674c0 DEOPT PACKING pc=0x000001cd8db63e70 sp=0x000000bea2ff36f0
Event: 78.557 Thread 0x000001cddd0674c0 DEOPT UNPACKING pc=0x000001cd8d4b3aa2 sp=0x000000bea2ff3680 mode 2
Event: 78.557 Thread 0x000001cddd0674c0 Uncommon trap: trap_request=0xffffffde fr.pc=0x000001cd8db63e70 relative=0x0000000000000050
Event: 78.557 Thread 0x000001cddd0674c0 Uncommon trap: reason=class_check action=maybe_recompile pc=0x000001cd8db63e70 method=java.lang.invoke.DirectMethodHandle.internalMemberName(Ljava/lang/Object;)Ljava/lang/Object; @ 1 c2
Event: 78.557 Thread 0x000001cddd0674c0 DEOPT PACKING pc=0x000001cd8db63e70 sp=0x000000bea2ff36f0
Event: 78.558 Thread 0x000001cddd0674c0 DEOPT UNPACKING pc=0x000001cd8d4b3aa2 sp=0x000000bea2ff3680 mode 2
Event: 78.558 Thread 0x000001cddd0674c0 Uncommon trap: trap_request=0xffffff45 fr.pc=0x000001cd8db73844 relative=0x00000000000000a4
Event: 78.558 Thread 0x000001cddd0674c0 Uncommon trap: reason=unstable_if action=reinterpret pc=0x000001cd8db73844 method=java.lang.ref.ReferenceQueue.poll()Ljava/lang/ref/Reference; @ 4 c2
Event: 78.558 Thread 0x000001cddd0674c0 DEOPT PACKING pc=0x000001cd8db73844 sp=0x000000bea2ff3800
Event: 78.558 Thread 0x000001cddd0674c0 DEOPT UNPACKING pc=0x000001cd8d4b3aa2 sp=0x000000bea2ff36e8 mode 2

Classes loaded (20 events):
Event: 78.127 Loading class java/lang/ThreadDeath
Event: 78.128 Loading class java/lang/ThreadDeath done
Event: 78.182 Loading class java/util/stream/SortedOps$SizedRefSortingSink
Event: 78.183 Loading class java/util/stream/SortedOps$SizedRefSortingSink done
Event: 78.244 Loading class java/util/concurrent/atomic/Striped64$1
Event: 78.245 Loading class java/util/concurrent/atomic/Striped64$1 done
Event: 78.362 Loading class java/util/BitSet
Event: 78.362 Loading class java/util/BitSet done
Event: 78.375 Loading class sun/net/www/protocol/jrt/JavaRuntimeURLConnection
Event: 78.375 Loading class sun/net/www/protocol/jrt/JavaRuntimeURLConnection done
Event: 78.377 Loading class sun/net/www/protocol/jrt/JavaRuntimeURLConnection$1
Event: 78.377 Loading class sun/net/www/protocol/jrt/JavaRuntimeURLConnection$1 done
Event: 78.415 Loading class java/util/function/UnaryOperator
Event: 78.415 Loading class java/util/function/UnaryOperator done
Event: 78.417 Loading class java/util/ServiceConfigurationError
Event: 78.417 Loading class java/util/ServiceConfigurationError done
Event: 78.442 Loading class java/lang/InheritableThreadLocal
Event: 78.442 Loading class java/lang/InheritableThreadLocal done
Event: 78.550 Loading class java/security/AccessControlException
Event: 78.550 Loading class java/security/AccessControlException done

Classes unloaded (0 events):
No events

Classes redefined (0 events):
No events

Internal exceptions (20 events):
Event: 76.690 Thread 0x000001cddd0674c0 Exception <a 'java/io/FileNotFoundException'{0x00000000eac85028}> (0x00000000eac85028) 
thrown [s\src\hotspot\share\prims\jni.cpp, line 520]
Event: 76.691 Thread 0x000001cddd0674c0 Exception <a 'java/io/FileNotFoundException'{0x00000000eac8c428}> (0x00000000eac8c428) 
thrown [s\src\hotspot\share\prims\jni.cpp, line 520]
Event: 77.651 Thread 0x000001cddd0674c0 Exception <a 'java/lang/NoSuchMethodError'{0x00000000eb2d69e8}: 'java.lang.Object java.lang.invoke.DirectMethodHandle$Holder.invokeStaticInit(java.lang.Object, int)'> (0x00000000eb2d69e8) 
thrown [s\src\hotspot\share\interpreter\linkResolver.cpp, line 773]
Event: 77.758 Thread 0x000001cddd0674c0 Exception <a 'java/lang/NoSuchMethodError'{0x00000000eb54fa30}: 'java.lang.Object java.lang.invoke.DirectMethodHandle$Holder.invokeStaticInit(java.lang.Object, int, int, int, int)'> (0x00000000eb54fa30) 
thrown [s\src\hotspot\share\interpreter\linkResolver.cpp, line 773]
Event: 77.876 Thread 0x000001cddd0674c0 Exception <a 'java/lang/NoSuchMethodError'{0x00000000eb68ee60}: 'java.lang.Object java.lang.invoke.DirectMethodHandle$Holder.invokeStaticInit(java.lang.Object, java.lang.Object, int, int, int, int)'> (0x00000000eb68ee60) 
thrown [s\src\hotspot\share\interpreter\linkResolver.cpp, line 773]
Event: 77.927 Thread 0x000001cddd0674c0 Exception <a 'java/lang/NoSuchMethodError'{0x00000000eb79c4e8}: 'void java.lang.invoke.DirectMethodHandle$Holder.invokeSpecial(java.lang.Object, java.lang.Object, java.lang.Object, int)'> (0x00000000eb79c4e8) 
thrown [s\src\hotspot\share\interpreter\linkResolver.cpp, line 773]
Event: 77.928 Thread 0x000001cddd0674c0 Exception <a 'java/lang/NoSuchMethodError'{0x00000000eb79fe68}: 'void java.lang.invoke.DelegatingMethodHandle$Holder.reinvoke_L(java.lang.Object, java.lang.Object, int)'> (0x00000000eb79fe68) 
thrown [s\src\hotspot\share\interpreter\linkResolver.cpp, line 773]
Event: 77.928 Thread 0x000001cddd0674c0 Exception <a 'java/lang/NoSuchMethodError'{0x00000000eb7a6ab0}: 'int java.lang.invoke.Invokers$Holder.invokeExact_MT(java.lang.Object, java.lang.Object, java.lang.Object)'> (0x00000000eb7a6ab0) 
thrown [s\src\hotspot\share\interpreter\linkResolver.cpp, line 773]
Event: 77.993 Thread 0x000001cddd0674c0 Exception <a 'java/lang/NoSuchMethodError'{0x00000000eb8c3fc0}: 'void java.lang.invoke.Invokers$Holder.invokeExact_MT(java.lang.Object, java.lang.Object, int, java.lang.Object)'> (0x00000000eb8c3fc0) 
thrown [s\src\hotspot\share\interpreter\linkResolver.cpp, line 773]
Event: 78.125 Thread 0x000001cddd0674c0 Exception <a 'java/lang/NoSuchMethodError'{0x00000000eb9f00f0}: 'java.lang.Object java.lang.invoke.DirectMethodHandle$Holder.invokeSpecial(java.lang.Object, java.lang.Object, java.lang.Object, long, java.lang.Object)'> (0x00000000eb9f00f0) 
thrown [s\src\hotspot\share\interpreter\linkResolver.cpp, line 773]
Event: 78.125 Thread 0x000001cddd0674c0 Exception <a 'java/lang/NoSuchMethodError'{0x00000000eb9f7760}: 'java.lang.Object java.lang.invoke.DirectMethodHandle$Holder.newInvokeSpecial(java.lang.Object, java.lang.Object, java.lang.Object, long)'> (0x00000000eb9f7760) 
thrown [s\src\hotspot\share\interpreter\linkResolver.cpp, line 773]
Event: 78.126 Thread 0x000001cddd0674c0 Exception <a 'java/lang/NoSuchMethodError'{0x00000000eb9fb580}: 'java.lang.Object java.lang.invoke.Invokers$Holder.linkToTargetMethod(java.lang.Object, java.lang.Object, long, java.lang.Object)'> (0x00000000eb9fb580) 
thrown [s\src\hotspot\share\interpreter\linkResolver.cpp, line 773]
Event: 78.180 Thread 0x000001cddd0674c0 Exception <a 'java/lang/NoSuchMethodError'{0x00000000eba5c970}: 'int java.lang.invoke.DirectMethodHandle$Holder.invokeStaticInit(java.lang.Object, java.lang.Object, java.lang.Object)'> (0x00000000eba5c970) 
thrown [s\src\hotspot\share\interpreter\linkResolver.cpp, line 773]
Event: 78.195 Thread 0x000001cddd0674c0 Exception <a 'java/lang/IncompatibleClassChangeError'{0x00000000ebb10fa8}: Found class java.lang.Object, but interface was expected> (0x00000000ebb10fa8) 
thrown [s\src\hotspot\share\interpreter\linkResolver.cpp, line 840]
Event: 78.202 Thread 0x000001cddd0674c0 Exception <a 'java/lang/NoSuchMethodError'{0x00000000ebb28a18}: 'java.lang.Object java.lang.invoke.DirectMethodHandle$Holder.invokeSpecial(java.lang.Object, java.lang.Object, java.lang.Object, int, java.lang.Object, java.lang.Object)'> (0x00000000ebb28a18) 
thrown [s\src\hotspot\share\interpreter\linkResolver.cpp, line 773]
Event: 78.203 Thread 0x000001cddd0674c0 Exception <a 'java/lang/NoSuchMethodError'{0x00000000ebb30248}: 'java.lang.Object java.lang.invoke.DirectMethodHandle$Holder.newInvokeSpecial(java.lang.Object, java.lang.Object, java.lang.Object, int, java.lang.Object)'> (0x00000000ebb30248) 
thrown [s\src\hotspot\share\interpreter\linkResolver.cpp, line 773]
Event: 78.203 Thread 0x000001cddd0674c0 Exception <a 'java/lang/NoSuchMethodError'{0x00000000ebb33cf8}: 'java.lang.Object java.lang.invoke.Invokers$Holder.linkToTargetMethod(java.lang.Object, java.lang.Object, int, java.lang.Object, java.lang.Object)'> (0x00000000ebb33cf8) 
thrown [s\src\hotspot\share\interpreter\linkResolver.cpp, line 773]
Event: 78.204 Thread 0x000001cddda1e3f0 Exception <a 'java/lang/NoSuchMethodError'{0x00000000ebaa6530}: 'java.lang.Object java.lang.invoke.DirectMethodHandle$Holder.invokeSpecial(java.lang.Object, java.lang.Object, int, java.lang.Object, java.lang.Object)'> (0x00000000ebaa6530) 
thrown [s\src\hotspot\share\interpreter\linkResolver.cpp, line 773]
Event: 78.249 Thread 0x000001cddd0674c0 Exception <a 'java/lang/NoSuchMethodError'{0x00000000ebc288e0}: 'void java.lang.invoke.DirectMethodHandle$Holder.invokeSpecial(java.lang.Object, java.lang.Object, java.lang.Object, java.lang.Object, java.lang.Object)'> (0x00000000ebc288e0) 
thrown [s\src\hotspot\share\interpreter\linkResolver.cpp, line 773]
Event: 78.557 Thread 0x000001cddd0674c0 Exception <a 'java/lang/NoSuchMethodError'{0x00000000eab5b908}: 'java.lang.Object java.lang.invoke.DirectMethodHandle$Holder.invokeInterface(java.lang.Object, java.lang.Object, java.lang.Object)'> (0x00000000eab5b908) 
thrown [s\src\hotspot\share\interpreter\linkResolver.cpp, line 773]

ZGC Phase Switch (0 events):
No events

VM Operations (20 events):
Event: 76.480 Executing VM operation: ParallelGCFailedAllocation (Allocation Failure)
Event: 76.488 Executing VM operation: ParallelGCFailedAllocation (Allocation Failure) done
Event: 76.703 Executing VM operation: HandshakeAllThreads (Deoptimize)
Event: 76.703 Executing VM operation: HandshakeAllThreads (Deoptimize) done
Event: 77.684 Executing VM operation: HandshakeAllThreads (Deoptimize)
Event: 77.684 Executing VM operation: HandshakeAllThreads (Deoptimize) done
Event: 77.684 Executing VM operation: Cleanup
Event: 77.684 Executing VM operation: Cleanup done
Event: 77.824 Executing VM operation: HandshakeAllThreads (Deoptimize)
Event: 77.824 Executing VM operation: HandshakeAllThreads (Deoptimize) done
Event: 77.912 Executing VM operation: HandshakeAllThreads (Deoptimize)
Event: 77.912 Executing VM operation: HandshakeAllThreads (Deoptimize) done
Event: 78.378 Executing VM operation: HandshakeAllThreads (Deoptimize)
Event: 78.378 Executing VM operation: HandshakeAllThreads (Deoptimize) done
Event: 78.466 Executing VM operation: HandshakeAllThreads (Deoptimize)
Event: 78.466 Executing VM operation: HandshakeAllThreads (Deoptimize) done
Event: 78.477 Executing VM operation: HandshakeAllThreads (Deoptimize)
Event: 78.477 Executing VM operation: HandshakeAllThreads (Deoptimize) done
Event: 78.537 Executing VM operation: ParallelGCFailedAllocation (Allocation Failure)
Event: 78.545 Executing VM operation: ParallelGCFailedAllocation (Allocation Failure) done

Memory protections (0 events):
No events

Nmethod flushes (0 events):
No events

Events (20 events):
Event: 0.203 Thread 0x000001cd82d31830 Thread added: 0x000001cdd8130400
Event: 0.203 Thread 0x000001cd82d31830 Thread added: 0x000001cdd8131310
Event: 0.203 Thread 0x000001cd82d31830 Thread added: 0x000001cdd8134fe0
Event: 0.203 Thread 0x000001cd82d31830 Thread added: 0x000001cdd8135a30
Event: 0.203 Thread 0x000001cd82d31830 Thread added: 0x000001cdd81371a0
Event: 0.226 Thread 0x000001cd82d31830 Thread added: 0x000001cdd81a8f10
Event: 0.311 Thread 0x000001cd82d31830 Thread added: 0x000001cddd04ef10
Event: 2.050 Thread 0x000001cd82d31830 Thread added: 0x000001cddd1ac260
Event: 8.117 Thread 0x000001cd82d31830 Thread added: 0x000001cdd819ff90
Event: 34.128 Thread 0x000001cd82d31830 Thread added: 0x000001cddd4d0590
Event: 34.258 Thread 0x000001cddd4d0590 Thread added: 0x000001cddd4bbf70
Event: 34.291 Thread 0x000001cd82d31830 Thread added: 0x000001cddd0674c0
Event: 47.623 Thread 0x000001cddd0674c0 Thread added: 0x000001cddd982060
Event: 73.650 Thread 0x000001cddd0674c0 Thread added: 0x000001cddd3fa7f0
Event: 73.867 Thread 0x000001cddd0674c0 Thread added: 0x000001cdddb24020
Event: 75.293 Thread 0x000001cddd0674c0 Thread added: 0x000001cddda1c9b0
Event: 77.960 Thread 0x000001cddd0674c0 Thread added: 0x000001cddda1d6d0
Event: 78.130 Thread 0x000001cddd0674c0 Thread added: 0x000001cddda1e3f0
Event: 78.204 Thread 0x000001cddd0674c0 Thread added: 0x000001cddda1d040
Event: 78.411 Thread 0x000001cddda1d040 Thread added: 0x000001cddda1dd60


Dynamic libraries:
0x00007ff663fe0000 - 0x00007ff663fee000 	c:\Users\Maud\.vscode\extensions\redhat.java-1.42.0-win32-x64\jre\21.0.7-win32-x86_64\bin\java.exe
0x00007ffa6e230000 - 0x00007ffa6e428000 	C:\Windows\SYSTEM32\ntdll.dll
0x00007ffa6d110000 - 0x00007ffa6d1d2000 	C:\Windows\System32\KERNEL32.DLL
0x00007ffa6bad0000 - 0x00007ffa6bdc6000 	C:\Windows\System32\KERNELBASE.dll
0x00007ffa6be20000 - 0x00007ffa6bf20000 	C:\Windows\System32\ucrtbase.dll
0x00007ffa66be0000 - 0x00007ffa66bf8000 	c:\Users\Maud\.vscode\extensions\redhat.java-1.42.0-win32-x64\jre\21.0.7-win32-x86_64\bin\jli.dll
0x00007ffa6d240000 - 0x00007ffa6d3dd000 	C:\Windows\System32\USER32.dll
0x00007ffa6b8d0000 - 0x00007ffa6b8f2000 	C:\Windows\System32\win32u.dll
0x00007ffa6dd30000 - 0x00007ffa6dd5b000 	C:\Windows\System32\GDI32.dll
0x00007ffa6b900000 - 0x00007ffa6ba1a000 	C:\Windows\System32\gdi32full.dll
0x00007ffa6bf20000 - 0x00007ffa6bfbd000 	C:\Windows\System32\msvcp_win.dll
0x00007ffa653e0000 - 0x00007ffa653fe000 	c:\Users\Maud\.vscode\extensions\redhat.java-1.42.0-win32-x64\jre\21.0.7-win32-x86_64\bin\VCRUNTIME140.dll
0x00007ffa58dc0000 - 0x00007ffa5905a000 	C:\Windows\WinSxS\amd64_microsoft.windows.common-controls_6595b64144ccf1df_6.0.19041.5794_none_60bcd33171f2783c\COMCTL32.dll
0x00007ffa6c260000 - 0x00007ffa6c2fe000 	C:\Windows\System32\msvcrt.dll
0x00007ffa6d0e0000 - 0x00007ffa6d10f000 	C:\Windows\System32\IMM32.DLL
0x00007ffa65590000 - 0x00007ffa6559c000 	c:\Users\Maud\.vscode\extensions\redhat.java-1.42.0-win32-x64\jre\21.0.7-win32-x86_64\bin\vcruntime140_1.dll
0x00007ffa3bba0000 - 0x00007ffa3bc2d000 	c:\Users\Maud\.vscode\extensions\redhat.java-1.42.0-win32-x64\jre\21.0.7-win32-x86_64\bin\msvcp140.dll
0x00007ffa320b0000 - 0x00007ffa32e40000 	c:\Users\Maud\.vscode\extensions\redhat.java-1.42.0-win32-x64\jre\21.0.7-win32-x86_64\bin\server\jvm.dll
0x00007ffa6dbf0000 - 0x00007ffa6dc9f000 	C:\Windows\System32\ADVAPI32.dll
0x00007ffa6cb80000 - 0x00007ffa6cc1f000 	C:\Windows\System32\sechost.dll
0x00007ffa6cdd0000 - 0x00007ffa6cef3000 	C:\Windows\System32\RPCRT4.dll
0x00007ffa6c230000 - 0x00007ffa6c257000 	C:\Windows\System32\bcrypt.dll
0x00007ffa6dcc0000 - 0x00007ffa6dd2b000 	C:\Windows\System32\WS2_32.dll
0x00007ffa6add0000 - 0x00007ffa6ae1b000 	C:\Windows\SYSTEM32\POWRPROF.dll
0x00007ffa59070000 - 0x00007ffa59097000 	C:\Windows\SYSTEM32\WINMM.dll
0x00007ffa62470000 - 0x00007ffa6247a000 	C:\Windows\SYSTEM32\VERSION.dll
0x00007ffa6ac90000 - 0x00007ffa6aca2000 	C:\Windows\SYSTEM32\UMPDC.dll
0x00007ffa6a0b0000 - 0x00007ffa6a0c2000 	C:\Windows\SYSTEM32\kernel.appcore.dll
0x00007ffa63960000 - 0x00007ffa6396a000 	c:\Users\Maud\.vscode\extensions\redhat.java-1.42.0-win32-x64\jre\21.0.7-win32-x86_64\bin\jimage.dll
0x00007ffa62220000 - 0x00007ffa62421000 	C:\Windows\SYSTEM32\DBGHELP.DLL
0x00007ffa49b10000 - 0x00007ffa49b44000 	C:\Windows\SYSTEM32\dbgcore.DLL
0x00007ffa6bfc0000 - 0x00007ffa6c042000 	C:\Windows\System32\bcryptPrimitives.dll
0x00007ffa63950000 - 0x00007ffa6395f000 	c:\Users\Maud\.vscode\extensions\redhat.java-1.42.0-win32-x64\jre\21.0.7-win32-x86_64\bin\instrument.dll
0x00007ffa63930000 - 0x00007ffa6394f000 	c:\Users\Maud\.vscode\extensions\redhat.java-1.42.0-win32-x64\jre\21.0.7-win32-x86_64\bin\java.dll
0x00007ffa6c300000 - 0x00007ffa6ca6e000 	C:\Windows\System32\SHELL32.dll
0x00007ffa698b0000 - 0x00007ffa6a053000 	C:\Windows\SYSTEM32\windows.storage.dll
0x00007ffa6dd60000 - 0x00007ffa6e0b3000 	C:\Windows\System32\combase.dll
0x00007ffa6b220000 - 0x00007ffa6b24b000 	C:\Windows\SYSTEM32\Wldp.dll
0x00007ffa6cf00000 - 0x00007ffa6cfcd000 	C:\Windows\System32\OLEAUT32.dll
0x00007ffa6d030000 - 0x00007ffa6d0dd000 	C:\Windows\System32\SHCORE.dll
0x00007ffa6d1e0000 - 0x00007ffa6d235000 	C:\Windows\System32\shlwapi.dll
0x00007ffa6b800000 - 0x00007ffa6b825000 	C:\Windows\SYSTEM32\profapi.dll
0x00007ffa62b40000 - 0x00007ffa62b58000 	c:\Users\Maud\.vscode\extensions\redhat.java-1.42.0-win32-x64\jre\21.0.7-win32-x86_64\bin\zip.dll
0x00007ffa63920000 - 0x00007ffa63930000 	C:\Users\Maud\.vscode\extensions\redhat.java-1.42.0-win32-x64\jre\21.0.7-win32-x86_64\bin\net.dll
0x00007ffa697a0000 - 0x00007ffa698aa000 	C:\Windows\SYSTEM32\WINHTTP.dll
0x00007ffa6b000000 - 0x00007ffa6b06c000 	C:\Windows\system32\mswsock.dll
0x00007ffa5fc90000 - 0x00007ffa5fca6000 	C:\Users\Maud\.vscode\extensions\redhat.java-1.42.0-win32-x64\jre\21.0.7-win32-x86_64\bin\nio.dll
0x00007ffa63800000 - 0x00007ffa63810000 	c:\Users\Maud\.vscode\extensions\redhat.java-1.42.0-win32-x64\jre\21.0.7-win32-x86_64\bin\verify.dll
0x00007ffa3a2f0000 - 0x00007ffa3a335000 	C:\Users\Maud\AppData\Roaming\Code\User\globalStorage\redhat.java\1.42.0\config_win\org.eclipse.equinox.launcher\org.eclipse.equinox.launcher.win32.win32.x86_64_1.2.1300.v20250331-1702\eclipse_11911.dll
0x00007ffa6e0c0000 - 0x00007ffa6e1eb000 	C:\Windows\System32\ole32.dll
0x00007ffa6b5b0000 - 0x00007ffa6b5c8000 	C:\Windows\SYSTEM32\CRYPTSP.dll
0x00007ffa6a8d0000 - 0x00007ffa6a908000 	C:\Windows\system32\rsaenh.dll
0x00007ffa6b7c0000 - 0x00007ffa6b7ee000 	C:\Windows\SYSTEM32\USERENV.dll
0x00007ffa6b190000 - 0x00007ffa6b19c000 	C:\Windows\SYSTEM32\CRYPTBASE.dll
0x00007ffa6acb0000 - 0x00007ffa6aceb000 	C:\Windows\SYSTEM32\IPHLPAPI.DLL
0x00007ffa6d9b0000 - 0x00007ffa6d9b8000 	C:\Windows\System32\NSI.dll
0x00007ffa4a0e0000 - 0x00007ffa4a129000 	C:\Users\Maud\AppData\Local\Temp\jna-2390851\jna11593902429474624682.dll
0x00007ffa6d9a0000 - 0x00007ffa6d9a8000 	C:\Windows\System32\PSAPI.DLL

dbghelp: loaded successfully - version: 4.0.5 - missing functions: none
symbol engine: initialized successfully - sym options: 0x614 - pdb path: .;c:\Users\Maud\.vscode\extensions\redhat.java-1.42.0-win32-x64\jre\21.0.7-win32-x86_64\bin;C:\Windows\SYSTEM32;C:\Windows\WinSxS\amd64_microsoft.windows.common-controls_6595b64144ccf1df_6.0.19041.5794_none_60bcd33171f2783c;c:\Users\Maud\.vscode\extensions\redhat.java-1.42.0-win32-x64\jre\21.0.7-win32-x86_64\bin\server;C:\Users\Maud\AppData\Roaming\Code\User\globalStorage\redhat.java\1.42.0\config_win\org.eclipse.equinox.launcher\org.eclipse.equinox.launcher.win32.win32.x86_64_1.2.1300.v20250331-1702;C:\Users\Maud\AppData\Local\Temp\jna-2390851

VM Arguments:
jvm_args: --add-modules=ALL-SYSTEM --add-opens=java.base/java.util=ALL-UNNAMED --add-opens=java.base/java.lang=ALL-UNNAMED --add-opens=java.base/sun.nio.fs=ALL-UNNAMED -Declipse.application=org.eclipse.jdt.ls.core.id1 -Dosgi.bundles.defaultStartLevel=4 -Declipse.product=org.eclipse.jdt.ls.core.product -Djava.import.generatesMetadataFilesAtProjectRoot=false -DDetectVMInstallationsJob.disabled=true -Dfile.encoding=utf8 -XX:+UseParallelGC -XX:GCTimeRatio=4 -XX:AdaptiveSizePolicyWeight=90 -Dsun.zip.disableMemoryMapping=true -Xmx1G -Xms100m -Xlog:disable -javaagent:c:\Users\Maud\.vscode\extensions\redhat.java-1.42.0-win32-x64\lombok\lombok-1.18.36.jar -XX:+HeapDumpOnOutOfMemoryError -XX:HeapDumpPath=c:\Users\Maud\AppData\Roaming\Code\User\workspaceStorage\2afd65d604ca17908bea6cc3028f357a\redhat.java -Daether.dependencyCollector.impl=bf 
java_command: c:\Users\Maud\.vscode\extensions\redhat.java-1.42.0-win32-x64\server\plugins\org.eclipse.equinox.launcher_1.7.0.v20250424-1814.jar -configuration c:\Users\Maud\AppData\Roaming\Code\User\globalStorage\redhat.java\1.42.0\config_win -data c:\Users\Maud\AppData\Roaming\Code\User\workspaceStorage\2afd65d604ca17908bea6cc3028f357a\redhat.java\jdt_ws --pipe=\\.\pipe\lsp-03f08439e90d0092aa1df9da30bb6355-sock
java_class_path (initial): c:\Users\Maud\.vscode\extensions\redhat.java-1.42.0-win32-x64\server\plugins\org.eclipse.equinox.launcher_1.7.0.v20250424-1814.jar
Launcher Type: SUN_STANDARD

[Global flags]
    uintx AdaptiveSizePolicyWeight                 = 90                                        {product} {command line}
     intx CICompilerCount                          = 3                                         {product} {ergonomic}
    uintx GCTimeRatio                              = 4                                         {product} {command line}
     bool HeapDumpOnOutOfMemoryError               = true                                   {manageable} {command line}
    ccstr HeapDumpPath                             = c:\Users\Maud\AppData\Roaming\Code\User\workspaceStorage\2afd65d604ca17908bea6cc3028f357a\redhat.java         {manageable} {command line}
   size_t InitialHeapSize                          = 104857600                                 {product} {command line}
   size_t MaxHeapSize                              = 1073741824                                {product} {command line}
   size_t MaxNewSize                               = 357564416                                 {product} {ergonomic}
   size_t MinHeapDeltaBytes                        = 524288                                    {product} {ergonomic}
   size_t MinHeapSize                              = 104857600                                 {product} {command line}
   size_t NewSize                                  = 34603008                                  {product} {ergonomic}
    uintx NonNMethodCodeHeapSize                   = 5832780                                {pd product} {ergonomic}
    uintx NonProfiledCodeHeapSize                  = 122912730                              {pd product} {ergonomic}
   size_t OldSize                                  = 70254592                                  {product} {ergonomic}
    uintx ProfiledCodeHeapSize                     = 122912730                              {pd product} {ergonomic}
    uintx ReservedCodeCacheSize                    = 251658240                              {pd product} {ergonomic}
     bool SegmentedCodeCache                       = true                                      {product} {ergonomic}
   size_t SoftMaxHeapSize                          = 1073741824                             {manageable} {ergonomic}
     bool UseCompressedOops                        = true                           {product lp64_product} {ergonomic}
     bool UseLargePagesIndividualAllocation        = false                                  {pd product} {ergonomic}
     bool UseParallelGC                            = true                                      {product} {command line}

Logging:
Log output configuration:
 #0: stdout all=off uptime,level,tags foldmultilines=false
 #1: stderr all=off uptime,level,tags foldmultilines=false

Environment Variables:
JAVA_HOME=C:\Program Files\Eclipse Adoptium\jdk-21.0.5.11-hotspot\
PATH=C:\Program Files\Eclipse Adoptium\jdk-21.0.5.11-hotspot\bin;C:\Program Files\Common Files\Oracle\Java\javapath;C:\Program Files (x86)\Common Files\Oracle\Java\javapath;C:\Windows\system32;C:\Windows;C:\Windows\System32\Wbem;C:\Windows\System32\WindowsPowerShell\v1.0\;C:\Windows\System32\OpenSSH\;C:\Program Files (x86)\Common Files\Acronis\SnapAPI\;C:\Program Files (x86)\Common Files\Acronis\VirtualFile\;C:\Program Files (x86)\Common Files\Acronis\VirtualFile64\;C:\Program Files (x86)\Common Files\Acronis\FileProtector\;C:\Program Files (x86)\Common Files\Acronis\FileProtector64\;C:\Program Files (x86)\dotnet\;C:\Program Files\Git\cmd;C:\Users\Maud\Downloads\apache-maven-3.9.9-bin\apache-maven-3.9.9\bin;C:\Program Files\nodejs\;;C:\Program Files\Docker\Docker\resources\bin;C:\Users\Maud\AppData\Local\Programs\Python\Python310\Scripts\;C:\Users\Maud\AppData\Local\Programs\Python\Python310\;C:\Users\Maud\AppData\Local\Microsoft\WindowsApps;;C:\Program Files\JetBrains\PyCharm Community Edition 2021.3.2\bin;;C:\Users\Maud\AppData\Local\Programs\Microsoft VS Code\bin;C:\Users\Maud\AppData\Roaming\npm
USERNAME=Maud
OS=Windows_NT
PROCESSOR_IDENTIFIER=Intel64 Family 6 Model 60 Stepping 3, GenuineIntel
TMP=C:\Users\Maud\AppData\Local\Temp
TEMP=C:\Users\Maud\AppData\Local\Temp




Periodic native trim disabled

---------------  S Y S T E M  ---------------

OS:
 Windows 10 , 64 bit Build 19041 (10.0.19041.5794)
OS uptime: 5 days 7:56 hours
Hyper-V role detected

CPU: total 4 (initial active 4) (2 cores per cpu, 2 threads per core) family 6 model 60 stepping 3 microcode 0x27, cx8, cmov, fxsr, ht, mmx, sse, sse2, sse3, ssse3, sse4.1, sse4.2, popcnt, lzcnt, tsc, tscinvbit, avx, avx2, aes, erms, clmul, bmi1, bmi2, fma, vzeroupper, clflush, hv, rdtscp, f16c
Processor Information for the first 4 processors :
  Max Mhz: 2594, Current Mhz: 2594, Mhz Limit: 2594

Memory: 4k page, system-wide physical 7879M (282M free)
TotalPageFile size 23048M (AvailPageFile size 0M)
current process WorkingSet (physical memory assigned to process): 124M, peak: 125M
current process commit charge ("private bytes"): 222M, peak: 230M

vm_info: OpenJDK 64-Bit Server VM (21.0.7+6-LTS) for windows-amd64 JRE (21.0.7+6-LTS), built on 2025-04-15T00:00:00Z by "admin" with MS VC++ 17.7 (VS2022)

END.
