#
# There is insufficient memory for the Java Runtime Environment to continue.
# Native memory allocation (malloc) failed to allocate 1048576 bytes. Error detail: AllocateHeap
# Possible reasons:
#   The system is out of physical RAM or swap space
#   This process is running with CompressedOops enabled, and the Java Heap may be blocking the growth of the native heap
# Possible solutions:
#   Reduce memory load on the system
#   Increase physical memory or swap space
#   Check if swap backing store is full
#   Decrease Java heap size (-Xmx/-Xms)
#   Decrease number of Java threads
#   Decrease Java thread stack sizes (-Xss)
#   Set larger code cache with -XX:ReservedCodeCacheSize=
#   JVM is running with Unscaled Compressed Oops mode in which the Java heap is
#     placed in the first 4GB address space. The Java Heap base address is the
#     maximum limit for the native heap growth. Please use -XX:HeapBaseMinAddress
#     to set the Java Heap base and to place the Java Heap above 4GB virtual address.
# This output file may be truncated or incomplete.
#
#  Out of Memory Error (allocation.cpp:44), pid=19848, tid=4536
#
# JRE version:  (21.0.6+7) (build )
# Java VM: OpenJDK 64-Bit Server VM (21.0.6+7-LTS, mixed mode, tiered, compressed oops, compressed class ptrs, parallel gc, windows-amd64)
# No core dump will be written. Minidumps are not enabled by default on client versions of Windows
#

---------------  S U M M A R Y ------------

Command Line: --add-modules=ALL-SYSTEM --add-opens=java.base/java.util=ALL-UNNAMED --add-opens=java.base/java.lang=ALL-UNNAMED --add-opens=java.base/sun.nio.fs=ALL-UNNAMED -Declipse.application=org.eclipse.jdt.ls.core.id1 -Dosgi.bundles.defaultStartLevel=4 -Declipse.product=org.eclipse.jdt.ls.core.product -Djava.import.generatesMetadataFilesAtProjectRoot=false -DDetectVMInstallationsJob.disabled=true -Dfile.encoding=utf8 -XX:+UseParallelGC -XX:GCTimeRatio=4 -XX:AdaptiveSizePolicyWeight=90 -Dsun.zip.disableMemoryMapping=true -Xmx1G -Xms100m -Xlog:disable -javaagent:c:\Users\Maud\.vscode\extensions\redhat.java-1.41.1-win32-x64\lombok\lombok-1.18.36.jar -XX:+HeapDumpOnOutOfMemoryError -XX:HeapDumpPath=c:\Users\Maud\AppData\Roaming\Code\User\workspaceStorage\2afd65d604ca17908bea6cc3028f357a\redhat.java -Daether.dependencyCollector.impl=bf c:\Users\Maud\.vscode\extensions\redhat.java-1.41.1-win32-x64\server\plugins\org.eclipse.equinox.launcher_1.7.0.v20250331-1702.jar -configuration c:\Users\Maud\AppData\Roaming\Code\User\globalStorage\redhat.java\1.41.1\config_win -data c:\Users\Maud\AppData\Roaming\Code\User\workspaceStorage\2afd65d604ca17908bea6cc3028f357a\redhat.java\jdt_ws --pipe=\\.\pipe\lsp-38c4f8daa7bd33f1db33e6871451fcc5-sock

Host: Intel(R) Core(TM) i5-4300M CPU @ 2.60GHz, 4 cores, 7G,  Windows 10 , 64 bit Build 19041 (10.0.19041.5678)
Time: Wed Apr 23 20:19:28 2025 Europe de l , 64 bit Build 19041 (10.0.19041.5678) elapsed time: 0.147071 seconds (0d 0h 0m 0s)

---------------  T H R E A D  ---------------

Current thread (0x0000027b5cec3560):  JavaThread "Unknown thread" [_thread_in_vm, id=4536, stack(0x000000fdad200000,0x000000fdad300000) (1024K)]

Stack: [0x000000fdad200000,0x000000fdad300000]
Native frames: (J=compiled Java code, j=interpreted, Vv=VM code, C=native code)
V  [jvm.dll+0x6cdee9]
V  [jvm.dll+0x8a83d1]
V  [jvm.dll+0x8aa8fe]
V  [jvm.dll+0x8aafe3]
V  [jvm.dll+0x27f706]
V  [jvm.dll+0xbfb37]
V  [jvm.dll+0x702102]
V  [jvm.dll+0x702e3c]
V  [jvm.dll+0x6dcc13]
V  [jvm.dll+0x871cdc]
V  [jvm.dll+0x3bc2dc]
V  [jvm.dll+0x85a868]
V  [jvm.dll+0x45066e]
V  [jvm.dll+0x4522b1]
C  [jli.dll+0x5278]
C  [ucrtbase.dll+0x21bb2]
C  [KERNEL32.DLL+0x17374]
C  [ntdll.dll+0x4cc91]


---------------  P R O C E S S  ---------------

Threads class SMR info:
_java_thread_list=0x0000027b5cf2cbc0, length=1, elements={
0x0000027b5cec3560
}

Java Threads: ( => current thread )
=>0x0000027b5cec3560 JavaThread "Unknown thread"             [_thread_in_vm, id=4536, stack(0x000000fdad200000,0x000000fdad300000) (1024K)]
Total: 1

Other Threads:
  0x0000027b5cf2cd40 WatcherThread "VM Periodic Task Thread"        [id=11532, stack(0x000000fdad400000,0x000000fdad500000) (1024K)]
  0x0000027b5cee0620 WorkerThread "GC Thread#0"                     [id=5604, stack(0x000000fdad300000,0x000000fdad400000) (1024K)]
Total: 2

Threads with active compile tasks:
Total: 0

VM state: not at safepoint (normal execution)

VM Mutex/Monitor currently owned by a thread: None

Heap address: 0x00000000c0000000, size: 1024 MB, Compressed Oops mode: 32-bit

CDS archive(s) not mapped
Compressed class space mapped at: 0x0000000100000000-0x0000000140000000, reserved size: 1073741824
Narrow klass base: 0x0000000000000000, Narrow klass shift: 3, Narrow klass range: 0x140000000

GC Precious Log:
 CardTable entry size: 512
 CPUs: 4 total, 4 available
 Memory: 7879M
 Large Page Support: Disabled
 NUMA Support: Disabled
 Compressed Oops: Enabled (32-bit)
 Alignments: Space 512K, Generation 512K, Heap 2M
 Heap Min Capacity: 100M
 Heap Initial Capacity: 100M
 Heap Max Capacity: 1G
 Pre-touch: Disabled
 Parallel Workers: 4

Heap:
 PSYoungGen      total 29696K, used 512K [0x00000000eab00000, 0x00000000ecc00000, 0x0000000100000000)
  eden space 25600K, 2% used [0x00000000eab00000,0x00000000eab80070,0x00000000ec400000)
  from space 4096K, 0% used [0x00000000ec800000,0x00000000ec800000,0x00000000ecc00000)
  to   space 4096K, 0% used [0x00000000ec400000,0x00000000ec400000,0x00000000ec800000)
 ParOldGen       total 68608K, used 0K [0x00000000c0000000, 0x00000000c4300000, 0x00000000eab00000)
  object space 68608K, 0% used [0x00000000c0000000,0x00000000c0000000,0x00000000c4300000)
 Metaspace       used 1392K, committed 1472K, reserved 1114112K
  class space    used 109K, committed 128K, reserved 1048576K

Card table byte_map: [0x0000027b5c870000,0x0000027b5ca80000] _byte_map_base: 0x0000027b5c270000

Marking Bits: (ParMarkBitMap*) 0x00007fff81d53260
 Begin Bits: [0x0000027b6f0c0000, 0x0000027b700c0000)
 End Bits:   [0x0000027b700c0000, 0x0000027b710c0000)

Polling page: 0x0000027b5ad70000

Metaspace:

Usage:
  Non-class:      1.25 MB used.
      Class:    109.62 KB used.
       Both:      1.36 MB used.

Virtual space:
  Non-class space:       64.00 MB reserved,       1.31 MB (  2%) committed,  1 nodes.
      Class space:        1.00 GB reserved,     128.00 KB ( <1%) committed,  1 nodes.
             Both:        1.06 GB reserved,       1.44 MB ( <1%) committed. 

Chunk freelists:
   Non-Class:  12.00 MB
       Class:  15.75 MB
        Both:  27.75 MB

MaxMetaspaceSize: unlimited
CompressedClassSpaceSize: 1.00 GB
Initial GC threshold: 21.00 MB
Current GC threshold: 17179869184.00 GB
CDS: off
 - commit_granule_bytes: 65536.
 - commit_granule_words: 8192.
 - virtual_space_node_default_size: 8388608.
 - enlarge_chunks_in_place: 1.
 - use_allocation_guard: 0.


Internal statistics:

num_allocs_failed_limit: 0.
num_arena_births: 2.
num_arena_deaths: 0.
num_vsnodes_births: 2.
num_vsnodes_deaths: 0.
num_space_committed: 23.
num_space_uncommitted: 0.
num_chunks_returned_to_freelist: 0.
num_chunks_taken_from_freelist: 3.
num_chunk_merges: 0.
num_chunk_splits: 2.
num_chunks_enlarged: 0.
num_inconsistent_stats: 0.

CodeHeap 'non-profiled nmethods': size=120000Kb used=0Kb max_used=0Kb free=120000Kb
 bounds [0x0000027b67b90000, 0x0000027b67e00000, 0x0000027b6f0c0000]
CodeHeap 'profiled nmethods': size=120000Kb used=0Kb max_used=0Kb free=120000Kb
 bounds [0x0000027b600c0000, 0x0000027b60330000, 0x0000027b675f0000]
CodeHeap 'non-nmethods': size=5760Kb used=194Kb max_used=342Kb free=5565Kb
 bounds [0x0000027b675f0000, 0x0000027b67860000, 0x0000027b67b90000]
 total_blobs=70 nmethods=0 adapters=48
 compilation: enabled
              stopped_count=0, restarted_count=0
 full_count=0

Compilation events (0 events):
No events

GC Heap History (0 events):
No events

Dll operation events (2 events):
Event: 0.016 Loaded shared library c:\Users\Maud\.vscode\extensions\redhat.java-1.41.1-win32-x64\jre\21.0.6-win32-x86_64\bin\java.dll
Event: 0.081 Loaded shared library c:\Users\Maud\.vscode\extensions\redhat.java-1.41.1-win32-x64\jre\21.0.6-win32-x86_64\bin\zip.dll

Deoptimization events (0 events):
No events

Classes loaded (20 events):
Event: 0.136 Loading class java/util/Iterator
Event: 0.136 Loading class java/util/Iterator done
Event: 0.136 Loading class java/lang/reflect/RecordComponent
Event: 0.136 Loading class java/lang/reflect/RecordComponent done
Event: 0.136 Loading class jdk/internal/vm/vector/VectorSupport
Event: 0.137 Loading class jdk/internal/vm/vector/VectorSupport done
Event: 0.137 Loading class jdk/internal/vm/vector/VectorSupport$VectorPayload
Event: 0.137 Loading class jdk/internal/vm/vector/VectorSupport$VectorPayload done
Event: 0.137 Loading class jdk/internal/vm/vector/VectorSupport$Vector
Event: 0.137 Loading class jdk/internal/vm/vector/VectorSupport$Vector done
Event: 0.137 Loading class jdk/internal/vm/vector/VectorSupport$VectorMask
Event: 0.137 Loading class jdk/internal/vm/vector/VectorSupport$VectorMask done
Event: 0.137 Loading class jdk/internal/vm/vector/VectorSupport$VectorShuffle
Event: 0.137 Loading class jdk/internal/vm/vector/VectorSupport$VectorShuffle done
Event: 0.137 Loading class jdk/internal/vm/FillerObject
Event: 0.137 Loading class jdk/internal/vm/FillerObject done
Event: 0.141 Loading class java/lang/NullPointerException
Event: 0.141 Loading class java/lang/NullPointerException done
Event: 0.141 Loading class java/lang/ArithmeticException
Event: 0.141 Loading class java/lang/ArithmeticException done

Classes unloaded (0 events):
No events

Classes redefined (0 events):
No events

Internal exceptions (0 events):
No events

ZGC Phase Switch (0 events):
No events

VM Operations (0 events):
No events

Memory protections (0 events):
No events

Nmethod flushes (0 events):
No events

Events (1 events):
Event: 0.079 Thread 0x0000027b5cec3560 Thread added: 0x0000027b5cec3560


Dynamic libraries:
0x00007ff74ce40000 - 0x00007ff74ce4e000 	c:\Users\Maud\.vscode\extensions\redhat.java-1.41.1-win32-x64\jre\21.0.6-win32-x86_64\bin\java.exe
0x00007fffca4d0000 - 0x00007fffca6c8000 	C:\Windows\SYSTEM32\ntdll.dll
0x00007fffc9700000 - 0x00007fffc97c2000 	C:\Windows\System32\KERNEL32.DLL
0x00007fffc7d00000 - 0x00007fffc7ff6000 	C:\Windows\System32\KERNELBASE.dll
0x00007fffc8370000 - 0x00007fffc8470000 	C:\Windows\System32\ucrtbase.dll
0x00007fff98d00000 - 0x00007fff98d18000 	c:\Users\Maud\.vscode\extensions\redhat.java-1.41.1-win32-x64\jre\21.0.6-win32-x86_64\bin\jli.dll
0x00007fffc9030000 - 0x00007fffc91cd000 	C:\Windows\System32\USER32.dll
0x00007fffc7cd0000 - 0x00007fffc7cf2000 	C:\Windows\System32\win32u.dll
0x00007fffc9630000 - 0x00007fffc965b000 	C:\Windows\System32\GDI32.dll
0x00007fffc7b60000 - 0x00007fffc7c7a000 	C:\Windows\System32\gdi32full.dll
0x00007fffc80c0000 - 0x00007fffc815d000 	C:\Windows\System32\msvcp_win.dll
0x00007fff88fd0000 - 0x00007fff88fee000 	c:\Users\Maud\.vscode\extensions\redhat.java-1.41.1-win32-x64\jre\21.0.6-win32-x86_64\bin\VCRUNTIME140.dll
0x00007fffb5220000 - 0x00007fffb54ba000 	C:\Windows\WinSxS\amd64_microsoft.windows.common-controls_6595b64144ccf1df_6.0.19041.4355_none_60b8b9eb71f62e16\COMCTL32.dll
0x00007fffc9310000 - 0x00007fffc93ae000 	C:\Windows\System32\msvcrt.dll
0x00007fffc84f0000 - 0x00007fffc851f000 	C:\Windows\System32\IMM32.DLL
0x00007fffb76e0000 - 0x00007fffb76ec000 	c:\Users\Maud\.vscode\extensions\redhat.java-1.41.1-win32-x64\jre\21.0.6-win32-x86_64\bin\vcruntime140_1.dll
0x00007fff832a0000 - 0x00007fff8332d000 	c:\Users\Maud\.vscode\extensions\redhat.java-1.41.1-win32-x64\jre\21.0.6-win32-x86_64\bin\msvcp140.dll
0x00007fff810a0000 - 0x00007fff81e30000 	c:\Users\Maud\.vscode\extensions\redhat.java-1.41.1-win32-x64\jre\21.0.6-win32-x86_64\bin\server\jvm.dll
0x00007fffca2c0000 - 0x00007fffca36f000 	C:\Windows\System32\ADVAPI32.dll
0x00007fffc9660000 - 0x00007fffc96ff000 	C:\Windows\System32\sechost.dll
0x00007fffc91d0000 - 0x00007fffc92f3000 	C:\Windows\System32\RPCRT4.dll
0x00007fffc8090000 - 0x00007fffc80b7000 	C:\Windows\System32\bcrypt.dll
0x00007fffc9880000 - 0x00007fffc98eb000 	C:\Windows\System32\WS2_32.dll
0x00007fffc7060000 - 0x00007fffc70ab000 	C:\Windows\SYSTEM32\POWRPROF.dll
0x00007fffb3b50000 - 0x00007fffb3b77000 	C:\Windows\SYSTEM32\WINMM.dll
0x00007fffbdeb0000 - 0x00007fffbdeba000 	C:\Windows\SYSTEM32\VERSION.dll
0x00007fffc6f20000 - 0x00007fffc6f32000 	C:\Windows\SYSTEM32\UMPDC.dll
0x00007fffc6340000 - 0x00007fffc6352000 	C:\Windows\SYSTEM32\kernel.appcore.dll
0x00007fffa1ed0000 - 0x00007fffa1eda000 	c:\Users\Maud\.vscode\extensions\redhat.java-1.41.1-win32-x64\jre\21.0.6-win32-x86_64\bin\jimage.dll
0x00007fffbe6b0000 - 0x00007fffbe894000 	C:\Windows\SYSTEM32\DBGHELP.DLL
0x00007fffa5280000 - 0x00007fffa52b4000 	C:\Windows\SYSTEM32\dbgcore.DLL
0x00007fffc8000000 - 0x00007fffc8082000 	C:\Windows\System32\bcryptPrimitives.dll
0x00007fffa1dd0000 - 0x00007fffa1ddf000 	c:\Users\Maud\.vscode\extensions\redhat.java-1.41.1-win32-x64\jre\21.0.6-win32-x86_64\bin\instrument.dll
0x00007fff862d0000 - 0x00007fff862ef000 	c:\Users\Maud\.vscode\extensions\redhat.java-1.41.1-win32-x64\jre\21.0.6-win32-x86_64\bin\java.dll
0x00007fffb3dc0000 - 0x00007fffb3dd8000 	c:\Users\Maud\.vscode\extensions\redhat.java-1.41.1-win32-x64\jre\21.0.6-win32-x86_64\bin\zip.dll

dbghelp: loaded successfully - version: 4.0.5 - missing functions: none
symbol engine: initialized successfully - sym options: 0x614 - pdb path: .;c:\Users\Maud\.vscode\extensions\redhat.java-1.41.1-win32-x64\jre\21.0.6-win32-x86_64\bin;C:\Windows\SYSTEM32;C:\Windows\WinSxS\amd64_microsoft.windows.common-controls_6595b64144ccf1df_6.0.19041.4355_none_60b8b9eb71f62e16;c:\Users\Maud\.vscode\extensions\redhat.java-1.41.1-win32-x64\jre\21.0.6-win32-x86_64\bin\server

VM Arguments:
jvm_args: --add-modules=ALL-SYSTEM --add-opens=java.base/java.util=ALL-UNNAMED --add-opens=java.base/java.lang=ALL-UNNAMED --add-opens=java.base/sun.nio.fs=ALL-UNNAMED -Declipse.application=org.eclipse.jdt.ls.core.id1 -Dosgi.bundles.defaultStartLevel=4 -Declipse.product=org.eclipse.jdt.ls.core.product -Djava.import.generatesMetadataFilesAtProjectRoot=false -DDetectVMInstallationsJob.disabled=true -Dfile.encoding=utf8 -XX:+UseParallelGC -XX:GCTimeRatio=4 -XX:AdaptiveSizePolicyWeight=90 -Dsun.zip.disableMemoryMapping=true -Xmx1G -Xms100m -Xlog:disable -javaagent:c:\Users\Maud\.vscode\extensions\redhat.java-1.41.1-win32-x64\lombok\lombok-1.18.36.jar -XX:+HeapDumpOnOutOfMemoryError -XX:HeapDumpPath=c:\Users\Maud\AppData\Roaming\Code\User\workspaceStorage\2afd65d604ca17908bea6cc3028f357a\redhat.java -Daether.dependencyCollector.impl=bf 
java_command: c:\Users\Maud\.vscode\extensions\redhat.java-1.41.1-win32-x64\server\plugins\org.eclipse.equinox.launcher_1.7.0.v20250331-1702.jar -configuration c:\Users\Maud\AppData\Roaming\Code\User\globalStorage\redhat.java\1.41.1\config_win -data c:\Users\Maud\AppData\Roaming\Code\User\workspaceStorage\2afd65d604ca17908bea6cc3028f357a\redhat.java\jdt_ws --pipe=\\.\pipe\lsp-38c4f8daa7bd33f1db33e6871451fcc5-sock
java_class_path (initial): c:\Users\Maud\.vscode\extensions\redhat.java-1.41.1-win32-x64\server\plugins\org.eclipse.equinox.launcher_1.7.0.v20250331-1702.jar
Launcher Type: SUN_STANDARD

[Global flags]
    uintx AdaptiveSizePolicyWeight                 = 90                                        {product} {command line}
     intx CICompilerCount                          = 3                                         {product} {ergonomic}
    uintx GCTimeRatio                              = 4                                         {product} {command line}
     bool HeapDumpOnOutOfMemoryError               = true                                   {manageable} {command line}
    ccstr HeapDumpPath                             = c:\Users\Maud\AppData\Roaming\Code\User\workspaceStorage\2afd65d604ca17908bea6cc3028f357a\redhat.java         {manageable} {command line}
   size_t InitialHeapSize                          = 104857600                                 {product} {command line}
   size_t MaxHeapSize                              = 1073741824                                {product} {command line}
   size_t MaxNewSize                               = 357564416                                 {product} {ergonomic}
   size_t MinHeapDeltaBytes                        = 524288                                    {product} {ergonomic}
   size_t MinHeapSize                              = 104857600                                 {product} {command line}
   size_t NewSize                                  = 34603008                                  {product} {ergonomic}
    uintx NonNMethodCodeHeapSize                   = 5832780                                {pd product} {ergonomic}
    uintx NonProfiledCodeHeapSize                  = 122912730                              {pd product} {ergonomic}
   size_t OldSize                                  = 70254592                                  {product} {ergonomic}
    uintx ProfiledCodeHeapSize                     = 122912730                              {pd product} {ergonomic}
    uintx ReservedCodeCacheSize                    = 251658240                              {pd product} {ergonomic}
     bool SegmentedCodeCache                       = true                                      {product} {ergonomic}
   size_t SoftMaxHeapSize                          = 1073741824                             {manageable} {ergonomic}
     bool UseCompressedOops                        = true                           {product lp64_product} {ergonomic}
     bool UseLargePagesIndividualAllocation        = false                                  {pd product} {ergonomic}
     bool UseParallelGC                            = true                                      {product} {command line}

Logging:
Log output configuration:
 #0: stdout all=off uptime,level,tags foldmultilines=false
 #1: stderr all=off uptime,level,tags foldmultilines=false

Environment Variables:
JAVA_HOME=C:\Program Files\Eclipse Adoptium\jdk-21.0.5.11-hotspot\
PATH=C:\Program Files\Eclipse Adoptium\jdk-21.0.5.11-hotspot\bin;C:\Program Files\Common Files\Oracle\Java\javapath;C:\Program Files (x86)\Common Files\Oracle\Java\javapath;C:\Windows\system32;C:\Windows;C:\Windows\System32\Wbem;C:\Windows\System32\WindowsPowerShell\v1.0\;C:\Windows\System32\OpenSSH\;C:\Program Files (x86)\Common Files\Acronis\SnapAPI\;C:\Program Files (x86)\Common Files\Acronis\VirtualFile\;C:\Program Files (x86)\Common Files\Acronis\VirtualFile64\;C:\Program Files (x86)\Common Files\Acronis\FileProtector\;C:\Program Files (x86)\Common Files\Acronis\FileProtector64\;C:\Program Files (x86)\dotnet\;C:\Program Files\Git\cmd;C:\Users\Maud\Downloads\apache-maven-3.9.9-bin\apache-maven-3.9.9\bin;C:\Program Files\nodejs\;;C:\Program Files\Docker\Docker\resources\bin;C:\Users\Maud\AppData\Local\Programs\Python\Python310\Scripts\;C:\Users\Maud\AppData\Local\Programs\Python\Python310\;C:\Users\Maud\AppData\Local\Microsoft\WindowsApps;;C:\Program Files\JetBrains\PyCharm Community Edition 2021.3.2\bin;;C:\Users\Maud\AppData\Local\Programs\Microsoft VS Code\bin;C:\Users\Maud\AppData\Roaming\npm
USERNAME=Maud
OS=Windows_NT
PROCESSOR_IDENTIFIER=Intel64 Family 6 Model 60 Stepping 3, GenuineIntel
TMP=C:\Users\Maud\AppData\Local\Temp
TEMP=C:\Users\Maud\AppData\Local\Temp




Periodic native trim disabled

---------------  S Y S T E M  ---------------

OS:
 Windows 10 , 64 bit Build 19041 (10.0.19041.5678)
OS uptime: 0 days 22:58 hours
Hyper-V role detected

CPU: total 4 (initial active 4) (2 cores per cpu, 2 threads per core) family 6 model 60 stepping 3 microcode 0x27, cx8, cmov, fxsr, ht, mmx, sse, sse2, sse3, ssse3, sse4.1, sse4.2, popcnt, lzcnt, tsc, tscinvbit, avx, avx2, aes, erms, clmul, bmi1, bmi2, fma, vzeroupper, clflush, hv, rdtscp, f16c
Processor Information for the first 4 processors :
  Max Mhz: 2594, Current Mhz: 2594, Mhz Limit: 2594

Memory: 4k page, system-wide physical 7879M (272M free)
TotalPageFile size 16261M (AvailPageFile size 6M)
current process WorkingSet (physical memory assigned to process): 16M, peak: 16M
current process commit charge ("private bytes"): 151M, peak: 157M

vm_info: OpenJDK 64-Bit Server VM (21.0.6+7-LTS) for windows-amd64 JRE (21.0.6+7-LTS), built on 2025-01-21T00:00:00Z by "admin" with MS VC++ 17.7 (VS2022)

END.
