#
# There is insufficient memory for the Java Runtime Environment to continue.
# Native memory allocation (malloc) failed to allocate 2737344 bytes. Error detail: Chunk::new
# Possible reasons:
#   The system is out of physical RAM or swap space
#   This process is running with CompressedOops enabled, and the Java Heap may be blocking the growth of the native heap
# Possible solutions:
#   Reduce memory load on the system
#   Increase physical memory or swap space
#   Check if swap backing store is full
#   Decrease Java heap size (-Xmx/-Xms)
#   Decrease number of Java threads
#   Decrease Java thread stack sizes (-Xss)
#   Set larger code cache with -XX:ReservedCodeCacheSize=
#   JVM is running with Unscaled Compressed Oops mode in which the Java heap is
#     placed in the first 4GB address space. The Java Heap base address is the
#     maximum limit for the native heap growth. Please use -XX:HeapBaseMinAddress
#     to set the Java Heap base and to place the Java Heap above 4GB virtual address.
# This output file may be truncated or incomplete.
#
#  Out of Memory Error (arena.cpp:168), pid=4568, tid=14308
#
# JRE version: OpenJDK Runtime Environment Temurin-21.0.7+6 (21.0.7+6) (build 21.0.7+6-LTS)
# Java VM: OpenJDK 64-Bit Server VM Temurin-21.0.7+6 (21.0.7+6-LTS, mixed mode, sharing, tiered, compressed oops, compressed class ptrs, parallel gc, windows-amd64)
# No core dump will be written. Minidumps are not enabled by default on client versions of Windows
#

---------------  S U M M A R Y ------------

Command Line: --add-modules=ALL-SYSTEM --add-opens=java.base/java.util=ALL-UNNAMED --add-opens=java.base/java.lang=ALL-UNNAMED --add-opens=java.base/sun.nio.fs=ALL-UNNAMED -Declipse.application=org.eclipse.jdt.ls.core.id1 -Dosgi.bundles.defaultStartLevel=4 -Declipse.product=org.eclipse.jdt.ls.core.product -Djava.import.generatesMetadataFilesAtProjectRoot=false -DDetectVMInstallationsJob.disabled=true -Dfile.encoding=utf8 -XX:+UseParallelGC -XX:GCTimeRatio=4 -XX:AdaptiveSizePolicyWeight=90 -Dsun.zip.disableMemoryMapping=true -Xmx1G -Xms100m -Xlog:disable -javaagent:c:\Users\Maud\.vscode\extensions\redhat.java-1.42.0-win32-x64\lombok\lombok-1.18.36.jar -XX:+HeapDumpOnOutOfMemoryError -XX:HeapDumpPath=c:\Users\Maud\AppData\Roaming\Code\User\workspaceStorage\2afd65d604ca17908bea6cc3028f357a\redhat.java -Daether.dependencyCollector.impl=bf c:\Users\Maud\.vscode\extensions\redhat.java-1.42.0-win32-x64\server\plugins\org.eclipse.equinox.launcher_1.7.0.v20250424-1814.jar -configuration c:\Users\Maud\AppData\Roaming\Code\User\globalStorage\redhat.java\1.42.0\config_win -data c:\Users\Maud\AppData\Roaming\Code\User\workspaceStorage\2afd65d604ca17908bea6cc3028f357a\redhat.java\jdt_ws --pipe=\\.\pipe\lsp-93bcb704a5738be83bbd3c6f4495c0bd-sock

Host: Intel(R) Core(TM) i5-4300M CPU @ 2.60GHz, 4 cores, 7G,  Windows 10 , 64 bit Build 19041 (10.0.19041.5794)
Time: Sun May 25 19:32:43 2025 Europe de l , 64 bit Build 19041 (10.0.19041.5794) elapsed time: 43.592521 seconds (0d 0h 0m 43s)

---------------  T H R E A D  ---------------

Current thread (0x000002856e293cd0):  JavaThread "C2 CompilerThread0" daemon [_thread_in_native, id=14308, stack(0x000000c098600000,0x000000c098700000) (1024K)]


Current CompileTask:
C2:43592 8526 %     4       org.lombokweb.asm.ClassReader::readCode @ 2187 (5117 bytes)

Stack: [0x000000c098600000,0x000000c098700000]
Native frames: (J=compiled Java code, j=interpreted, Vv=VM code, C=native code)
V  [jvm.dll+0x6ce119]
V  [jvm.dll+0x8a84a1]
V  [jvm.dll+0x8aa9ce]
V  [jvm.dll+0x8ab0b3]
V  [jvm.dll+0x27f8a6]
V  [jvm.dll+0xc507d]
V  [jvm.dll+0xc55b3]
V  [jvm.dll+0x3b692c]
V  [jvm.dll+0x1e0029]
V  [jvm.dll+0x247c42]
V  [jvm.dll+0x2470cf]
V  [jvm.dll+0x1c760e]
V  [jvm.dll+0x25695a]
V  [jvm.dll+0x254efa]
V  [jvm.dll+0x3f03f6]
V  [jvm.dll+0x851f6b]
V  [jvm.dll+0x6cc7dd]
C  [ucrtbase.dll+0x21bb2]
C  [KERNEL32.DLL+0x17374]
C  [ntdll.dll+0x4cc91]


---------------  P R O C E S S  ---------------

Threads class SMR info:
_java_thread_list=0x0000028576715890, length=41, elements={
0x0000028557d202f0, 0x000002856e287730, 0x000002856e289030, 0x000002856e28dbd0,
0x000002856e2909f0, 0x000002856e292450, 0x000002856e292ea0, 0x000002856e293cd0,
0x000002856e301db0, 0x0000028559fc82a0, 0x000002856f2b6bc0, 0x000002856f8f05a0,
0x000002856f9ce080, 0x000002856f9da0b0, 0x000002856f9daae0, 0x000002856fc0e860,
0x00000285742b0d20, 0x000002856f500bf0, 0x000002856f4ff840, 0x000002856f501280,
0x000002856f4feb20, 0x000002856f500560, 0x000002856f501910, 0x000002856f4ff1b0,
0x000002856f4ffed0, 0x000002856f501fa0, 0x0000028575feb990, 0x0000028575fe98c0,
0x0000028575fe9230, 0x0000028575fe6ad0, 0x0000028575fec020, 0x0000028575fec6b0,
0x0000028575fe9f50, 0x0000028575fe6440, 0x0000028575fe8ba0, 0x0000028575fecd40,
0x0000028575fe5db0, 0x0000028575fe7160, 0x0000028575feac70, 0x0000028575fea5e0,
0x0000028576567340
}

Java Threads: ( => current thread )
  0x0000028557d202f0 JavaThread "main"                              [_thread_blocked, id=7088, stack(0x000000c097c00000,0x000000c097d00000) (1024K)]
  0x000002856e287730 JavaThread "Reference Handler"          daemon [_thread_blocked, id=21128, stack(0x000000c098000000,0x000000c098100000) (1024K)]
  0x000002856e289030 JavaThread "Finalizer"                  daemon [_thread_blocked, id=22808, stack(0x000000c098100000,0x000000c098200000) (1024K)]
  0x000002856e28dbd0 JavaThread "Signal Dispatcher"          daemon [_thread_blocked, id=20980, stack(0x000000c098200000,0x000000c098300000) (1024K)]
  0x000002856e2909f0 JavaThread "Attach Listener"            daemon [_thread_blocked, id=3524, stack(0x000000c098300000,0x000000c098400000) (1024K)]
  0x000002856e292450 JavaThread "Service Thread"             daemon [_thread_blocked, id=1884, stack(0x000000c098400000,0x000000c098500000) (1024K)]
  0x000002856e292ea0 JavaThread "Monitor Deflation Thread"   daemon [_thread_blocked, id=22948, stack(0x000000c098500000,0x000000c098600000) (1024K)]
=>0x000002856e293cd0 JavaThread "C2 CompilerThread0"         daemon [_thread_in_native, id=14308, stack(0x000000c098600000,0x000000c098700000) (1024K)]
  0x000002856e301db0 JavaThread "C1 CompilerThread0"         daemon [_thread_blocked, id=24872, stack(0x000000c098700000,0x000000c098800000) (1024K)]
  0x0000028559fc82a0 JavaThread "Common-Cleaner"             daemon [_thread_blocked, id=18576, stack(0x000000c098800000,0x000000c098900000) (1024K)]
  0x000002856f2b6bc0 JavaThread "Notification Thread"        daemon [_thread_blocked, id=12888, stack(0x000000c098900000,0x000000c098a00000) (1024K)]
  0x000002856f8f05a0 JavaThread "Active Thread: Equinox Container: bc52df27-f201-44d2-a9b8-04335470fc79"        [_thread_blocked, id=1412, stack(0x000000c098d00000,0x000000c098e00000) (1024K)]
  0x000002856f9ce080 JavaThread "Refresh Thread: Equinox Container: bc52df27-f201-44d2-a9b8-04335470fc79" daemon [_thread_blocked, id=17480, stack(0x000000c098e00000,0x000000c098f00000) (1024K)]
  0x000002856f9da0b0 JavaThread "Framework Event Dispatcher: Equinox Container: bc52df27-f201-44d2-a9b8-04335470fc79" daemon [_thread_blocked, id=3636, stack(0x000000c098f00000,0x000000c099000000) (1024K)]
  0x000002856f9daae0 JavaThread "Start Level: Equinox Container: bc52df27-f201-44d2-a9b8-04335470fc79" daemon [_thread_blocked, id=12660, stack(0x000000c099000000,0x000000c099100000) (1024K)]
  0x000002856fc0e860 JavaThread "Bundle File Closer"         daemon [_thread_blocked, id=8404, stack(0x000000c099200000,0x000000c099300000) (1024K)]
  0x00000285742b0d20 JavaThread "SCR Component Actor"        daemon [_thread_blocked, id=8284, stack(0x000000c099100000,0x000000c099200000) (1024K)]
  0x000002856f500bf0 JavaThread "Worker-JM"                         [_thread_blocked, id=20432, stack(0x000000c099400000,0x000000c099500000) (1024K)]
  0x000002856f4ff840 JavaThread "JNA Cleaner"                daemon [_thread_blocked, id=20140, stack(0x000000c099500000,0x000000c099600000) (1024K)]
  0x000002856f501280 JavaThread "Worker-0"                          [_thread_blocked, id=5952, stack(0x000000c099600000,0x000000c099700000) (1024K)]
  0x000002856f4feb20 JavaThread "Worker-1"                          [_thread_blocked, id=6812, stack(0x000000c099700000,0x000000c099800000) (1024K)]
  0x000002856f500560 JavaThread "Worker-2"                          [_thread_blocked, id=22272, stack(0x000000c099900000,0x000000c099a00000) (1024K)]
  0x000002856f501910 JavaThread "Java indexing"              daemon [_thread_blocked, id=4288, stack(0x000000c099a00000,0x000000c099b00000) (1024K)]
  0x000002856f4ff1b0 JavaThread "Worker-3: Building"                [_thread_in_native, id=9404, stack(0x000000c099d00000,0x000000c099e00000) (1024K)]
  0x000002856f4ffed0 JavaThread "Worker-4: Java indexing... "        [_thread_blocked, id=22868, stack(0x000000c099e00000,0x000000c099f00000) (1024K)]
  0x000002856f501fa0 JavaThread "Thread-2"                   daemon [_thread_in_native, id=18236, stack(0x000000c099f00000,0x000000c09a000000) (1024K)]
  0x0000028575feb990 JavaThread "Thread-3"                   daemon [_thread_in_native, id=19688, stack(0x000000c09a000000,0x000000c09a100000) (1024K)]
  0x0000028575fe98c0 JavaThread "Thread-4"                   daemon [_thread_in_native, id=1480, stack(0x000000c09a100000,0x000000c09a200000) (1024K)]
  0x0000028575fe9230 JavaThread "Thread-5"                   daemon [_thread_in_native, id=11388, stack(0x000000c09a200000,0x000000c09a300000) (1024K)]
  0x0000028575fe6ad0 JavaThread "Thread-6"                   daemon [_thread_in_native, id=23240, stack(0x000000c09a300000,0x000000c09a400000) (1024K)]
  0x0000028575fec020 JavaThread "pool-2-thread-1"                   [_thread_blocked, id=3472, stack(0x000000c099300000,0x000000c099400000) (1024K)]
  0x0000028575fec6b0 JavaThread "WorkspaceEventsHandler"            [_thread_blocked, id=11960, stack(0x000000c09a400000,0x000000c09a500000) (1024K)]
  0x0000028575fe9f50 JavaThread "pool-1-thread-1"                   [_thread_blocked, id=24200, stack(0x000000c09a500000,0x000000c09a600000) (1024K)]
  0x0000028575fe6440 JavaThread "Worker-5"                          [_thread_blocked, id=21296, stack(0x000000c09a600000,0x000000c09a700000) (1024K)]
  0x0000028575fe8ba0 JavaThread "LocalFile Deleter"          daemon [_thread_blocked, id=12064, stack(0x000000c09a700000,0x000000c09a800000) (1024K)]
  0x0000028575fecd40 JavaThread "LocalFile Deleter"          daemon [_thread_blocked, id=12028, stack(0x000000c09a800000,0x000000c09a900000) (1024K)]
  0x0000028575fe5db0 JavaThread "LocalFile Deleter"          daemon [_thread_blocked, id=19004, stack(0x000000c09a900000,0x000000c09aa00000) (1024K)]
  0x0000028575fe7160 JavaThread "LocalFile Deleter"          daemon [_thread_blocked, id=13684, stack(0x000000c09aa00000,0x000000c09ab00000) (1024K)]
  0x0000028575feac70 JavaThread "Compiler Source File Reader" daemon [_thread_blocked, id=11588, stack(0x000000c099800000,0x000000c099900000) (1024K)]
  0x0000028575fea5e0 JavaThread "Compiler Source File Reader" daemon [_thread_blocked, id=5292, stack(0x000000c09ab00000,0x000000c09ac00000) (1024K)]
  0x0000028576567340 JavaThread "C2 CompilerThread1"         daemon [_thread_in_native, id=20196, stack(0x000000c09ac00000,0x000000c09ad00000) (1024K)]
Total: 41

Other Threads:
  0x000002855a01aa30 VMThread "VM Thread"                           [id=1212, stack(0x000000c097f00000,0x000000c098000000) (1024K)]
  0x0000028559fc7b30 WatcherThread "VM Periodic Task Thread"        [id=13192, stack(0x000000c097e00000,0x000000c097f00000) (1024K)]
  0x0000028559f788e0 WorkerThread "GC Thread#0"                     [id=20000, stack(0x000000c097d00000,0x000000c097e00000) (1024K)]
  0x000002856f2f83e0 WorkerThread "GC Thread#1"                     [id=16560, stack(0x000000c098a00000,0x000000c098b00000) (1024K)]
  0x000002856f2f8780 WorkerThread "GC Thread#2"                     [id=17116, stack(0x000000c098b00000,0x000000c098c00000) (1024K)]
  0x000002856f2f8b20 WorkerThread "GC Thread#3"                     [id=21748, stack(0x000000c098c00000,0x000000c098d00000) (1024K)]
Total: 6

Threads with active compile tasks:
C2 CompilerThread0  43655 8526 %     4       org.lombokweb.asm.ClassReader::readCode @ 2187 (5117 bytes)
C2 CompilerThread1  43655 8549       4       org.lombokweb.asm.SymbolTable::<init> (536 bytes)
Total: 2

VM state: not at safepoint (normal execution)

VM Mutex/Monitor currently owned by a thread: None

Heap address: 0x00000000c0000000, size: 1024 MB, Compressed Oops mode: 32-bit

CDS archive(s) mapped at: [0x0000028500000000-0x0000028500ba0000-0x0000028500ba0000), size 12189696, SharedBaseAddress: 0x0000028500000000, ArchiveRelocationMode: 1.
Compressed class space mapped at: 0x0000028501000000-0x0000028541000000, reserved size: 1073741824
Narrow klass base: 0x0000028500000000, Narrow klass shift: 0, Narrow klass range: 0x100000000

GC Precious Log:
 CardTable entry size: 512
 CPUs: 4 total, 4 available
 Memory: 7879M
 Large Page Support: Disabled
 NUMA Support: Disabled
 Compressed Oops: Enabled (32-bit)
 Alignments: Space 512K, Generation 512K, Heap 2M
 Heap Min Capacity: 100M
 Heap Initial Capacity: 100M
 Heap Max Capacity: 1G
 Pre-touch: Disabled
 Parallel Workers: 4

Heap:
 PSYoungGen      total 16896K, used 7458K [0x00000000eab00000, 0x00000000ec000000, 0x0000000100000000)
  eden space 16384K, 42% used [0x00000000eab00000,0x00000000eb1cb738,0x00000000ebb00000)
  from space 512K, 97% used [0x00000000ebc80000,0x00000000ebcfd360,0x00000000ebd00000)
  to   space 1536K, 0% used [0x00000000ebe80000,0x00000000ebe80000,0x00000000ec000000)
 ParOldGen       total 68608K, used 55496K [0x00000000c0000000, 0x00000000c4300000, 0x00000000eab00000)
  object space 68608K, 80% used [0x00000000c0000000,0x00000000c3632298,0x00000000c4300000)
 Metaspace       used 55532K, committed 56768K, reserved 1114112K
  class space    used 5764K, committed 6336K, reserved 1048576K

Card table byte_map: [0x0000028559900000,0x0000028559b10000] _byte_map_base: 0x0000028559300000

Marking Bits: (ParMarkBitMap*) 0x00007ff9896531f0
 Begin Bits: [0x000002856c150000, 0x000002856d150000)
 End Bits:   [0x000002856d150000, 0x000002856e150000)

Polling page: 0x0000028557ca0000

Metaspace:

Usage:
  Non-class:     48.60 MB used.
      Class:      5.63 MB used.
       Both:     54.23 MB used.

Virtual space:
  Non-class space:       64.00 MB reserved,      49.25 MB ( 77%) committed,  1 nodes.
      Class space:        1.00 GB reserved,       6.19 MB ( <1%) committed,  1 nodes.
             Both:        1.06 GB reserved,      55.44 MB (  5%) committed. 

Chunk freelists:
   Non-Class:  13.81 MB
       Class:  9.83 MB
        Both:  23.64 MB

MaxMetaspaceSize: unlimited
CompressedClassSpaceSize: 1.00 GB
Initial GC threshold: 21.00 MB
Current GC threshold: 58.38 MB
CDS: on
 - commit_granule_bytes: 65536.
 - commit_granule_words: 8192.
 - virtual_space_node_default_size: 8388608.
 - enlarge_chunks_in_place: 1.
 - use_allocation_guard: 0.


Internal statistics:

num_allocs_failed_limit: 6.
num_arena_births: 1078.
num_arena_deaths: 14.
num_vsnodes_births: 2.
num_vsnodes_deaths: 0.
num_space_committed: 887.
num_space_uncommitted: 0.
num_chunks_returned_to_freelist: 20.
num_chunks_taken_from_freelist: 3579.
num_chunk_merges: 9.
num_chunk_splits: 2232.
num_chunks_enlarged: 1280.
num_inconsistent_stats: 0.

CodeHeap 'non-profiled nmethods': size=120000Kb used=5249Kb max_used=5249Kb free=114750Kb
 bounds [0x0000028564c20000, 0x0000028565150000, 0x000002856c150000]
CodeHeap 'profiled nmethods': size=120000Kb used=17946Kb max_used=17946Kb free=102053Kb
 bounds [0x000002855d150000, 0x000002855e2e0000, 0x0000028564680000]
CodeHeap 'non-nmethods': size=5760Kb used=1403Kb max_used=1458Kb free=4356Kb
 bounds [0x0000028564680000, 0x00000285648f0000, 0x0000028564c20000]
 total_blobs=8644 nmethods=7930 adapters=620
 compilation: enabled
              stopped_count=0, restarted_count=0
 full_count=0

Compilation events (20 events):
Event: 43.377 Thread 0x000002856e301db0 nmethod 8546 0x000002855e2d3e90 code [0x000002855e2d4040, 0x000002855e2d41d0]
Event: 43.377 Thread 0x0000028576567340 8547       4       org.eclipse.jdt.core.Signature::appendClassTypeSignature (323 bytes)
Event: 43.412 Thread 0x0000028576567340 nmethod 8547 0x000002856513d710 code [0x000002856513d9a0, 0x000002856513e9a0]
Event: 43.412 Thread 0x0000028576567340 8548  s    4       org.eclipse.jdt.internal.compiler.classfmt.MethodInfo::readCodeAttribute (122 bytes)
Event: 43.426 Thread 0x0000028576567340 nmethod 8548 0x000002856513f490 code [0x000002856513f680, 0x00000285651401a0]
Event: 43.443 Thread 0x0000028576567340 8549       4       org.lombokweb.asm.SymbolTable::<init> (536 bytes)
Event: 43.459 Thread 0x000002856e301db0 8554       3       org.lombokweb.asm.MethodWriter::visitIntInsn (113 bytes)
Event: 43.460 Thread 0x000002856e301db0 nmethod 8554 0x000002855e2d4290 code [0x000002855e2d4480, 0x000002855e2d48d0]
Event: 43.460 Thread 0x000002856e301db0 8555       3       org.lombokweb.asm.MethodVisitor::visitIntInsn (17 bytes)
Event: 43.460 Thread 0x000002856e301db0 nmethod 8555 0x000002855e2d4a10 code [0x000002855e2d4bc0, 0x000002855e2d4dc8]
Event: 43.461 Thread 0x000002856e301db0 8556       3       org.lombokweb.asm.Handler::putExceptionTable (63 bytes)
Event: 43.462 Thread 0x000002856e301db0 nmethod 8556 0x000002855e2d4e90 code [0x000002855e2d50a0, 0x000002855e2d54e0]
Event: 43.558 Thread 0x000002856e301db0 8559       3       org.lombokweb.asm.SymbolTable::hash (23 bytes)
Event: 43.559 Thread 0x000002856e301db0 nmethod 8559 0x000002855e2d5790 code [0x000002855e2d5960, 0x000002855e2d5b28]
Event: 43.574 Thread 0x000002856e301db0 8560       3       org.lombokweb.asm.MethodVisitor::visitEnd (15 bytes)
Event: 43.574 Thread 0x000002856e301db0 nmethod 8560 0x000002855e2d5c90 code [0x000002855e2d5e40, 0x000002855e2d6048]
Event: 43.574 Thread 0x000002856e301db0 8561       3       org.lombokweb.asm.MethodVisitor::visitCode (15 bytes)
Event: 43.575 Thread 0x000002856e301db0 nmethod 8561 0x000002855e2d6110 code [0x000002855e2d62c0, 0x000002855e2d64c8]
Event: 43.575 Thread 0x000002856e301db0 8562       3       org.lombokweb.asm.MethodVisitor::visitMaxs (17 bytes)
Event: 43.575 Thread 0x000002856e301db0 nmethod 8562 0x000002855e2d6590 code [0x000002855e2d6740, 0x000002855e2d6948]

GC Heap History (20 events):
Event: 32.140 GC heap before
{Heap before GC invocations=26 (full 2):
 PSYoungGen      total 24064K, used 24032K [0x00000000eab00000, 0x00000000ec980000, 0x0000000100000000)
  eden space 22016K, 100% used [0x00000000eab00000,0x00000000ec080000,0x00000000ec080000)
  from space 2048K, 98% used [0x00000000ec100000,0x00000000ec2f8010,0x00000000ec300000)
  to   space 4608K, 0% used [0x00000000ec500000,0x00000000ec500000,0x00000000ec980000)
 ParOldGen       total 68608K, used 33977K [0x00000000c0000000, 0x00000000c4300000, 0x00000000eab00000)
  object space 68608K, 49% used [0x00000000c0000000,0x00000000c212e778,0x00000000c4300000)
 Metaspace       used 47234K, committed 48576K, reserved 1114112K
  class space    used 4979K, committed 5568K, reserved 1048576K
}
Event: 32.149 GC heap after
{Heap after GC invocations=26 (full 2):
 PSYoungGen      total 24064K, used 1894K [0x00000000eab00000, 0x00000000ec700000, 0x0000000100000000)
  eden space 22016K, 0% used [0x00000000eab00000,0x00000000eab00000,0x00000000ec080000)
  from space 2048K, 92% used [0x00000000ec500000,0x00000000ec6d9aa8,0x00000000ec700000)
  to   space 3072K, 0% used [0x00000000ec100000,0x00000000ec100000,0x00000000ec400000)
 ParOldGen       total 68608K, used 35993K [0x00000000c0000000, 0x00000000c4300000, 0x00000000eab00000)
  object space 68608K, 52% used [0x00000000c0000000,0x00000000c2326788,0x00000000c4300000)
 Metaspace       used 47234K, committed 48576K, reserved 1114112K
  class space    used 4979K, committed 5568K, reserved 1048576K
}
Event: 32.774 GC heap before
{Heap before GC invocations=27 (full 2):
 PSYoungGen      total 24064K, used 23909K [0x00000000eab00000, 0x00000000ec700000, 0x0000000100000000)
  eden space 22016K, 99% used [0x00000000eab00000,0x00000000ec07fa08,0x00000000ec080000)
  from space 2048K, 92% used [0x00000000ec500000,0x00000000ec6d9aa8,0x00000000ec700000)
  to   space 3072K, 0% used [0x00000000ec100000,0x00000000ec100000,0x00000000ec400000)
 ParOldGen       total 68608K, used 35993K [0x00000000c0000000, 0x00000000c4300000, 0x00000000eab00000)
  object space 68608K, 52% used [0x00000000c0000000,0x00000000c2326788,0x00000000c4300000)
 Metaspace       used 48205K, committed 49408K, reserved 1114112K
  class space    used 5066K, committed 5632K, reserved 1048576K
}
Event: 32.779 GC heap after
{Heap after GC invocations=27 (full 2):
 PSYoungGen      total 24576K, used 2485K [0x00000000eab00000, 0x00000000ec680000, 0x0000000100000000)
  eden space 22016K, 0% used [0x00000000eab00000,0x00000000eab00000,0x00000000ec080000)
  from space 2560K, 97% used [0x00000000ec100000,0x00000000ec36d7e0,0x00000000ec380000)
  to   space 3072K, 0% used [0x00000000ec380000,0x00000000ec380000,0x00000000ec680000)
 ParOldGen       total 68608K, used 37830K [0x00000000c0000000, 0x00000000c4300000, 0x00000000eab00000)
  object space 68608K, 55% used [0x00000000c0000000,0x00000000c24f19e8,0x00000000c4300000)
 Metaspace       used 48205K, committed 49408K, reserved 1114112K
  class space    used 5066K, committed 5632K, reserved 1048576K
}
Event: 33.560 GC heap before
{Heap before GC invocations=28 (full 2):
 PSYoungGen      total 24576K, used 24501K [0x00000000eab00000, 0x00000000ec680000, 0x0000000100000000)
  eden space 22016K, 100% used [0x00000000eab00000,0x00000000ec080000,0x00000000ec080000)
  from space 2560K, 97% used [0x00000000ec100000,0x00000000ec36d7e0,0x00000000ec380000)
  to   space 3072K, 0% used [0x00000000ec380000,0x00000000ec380000,0x00000000ec680000)
 ParOldGen       total 68608K, used 37830K [0x00000000c0000000, 0x00000000c4300000, 0x00000000eab00000)
  object space 68608K, 55% used [0x00000000c0000000,0x00000000c24f19e8,0x00000000c4300000)
 Metaspace       used 49514K, committed 50752K, reserved 1114112K
  class space    used 5199K, committed 5760K, reserved 1048576K
}
Event: 33.565 GC heap after
{Heap after GC invocations=28 (full 2):
 PSYoungGen      total 24064K, used 1867K [0x00000000eab00000, 0x00000000ec580000, 0x0000000100000000)
  eden space 22016K, 0% used [0x00000000eab00000,0x00000000eab00000,0x00000000ec080000)
  from space 2048K, 91% used [0x00000000ec380000,0x00000000ec552c38,0x00000000ec580000)
  to   space 2560K, 0% used [0x00000000ec080000,0x00000000ec080000,0x00000000ec300000)
 ParOldGen       total 68608K, used 40180K [0x00000000c0000000, 0x00000000c4300000, 0x00000000eab00000)
  object space 68608K, 58% used [0x00000000c0000000,0x00000000c273d2d0,0x00000000c4300000)
 Metaspace       used 49514K, committed 50752K, reserved 1114112K
  class space    used 5199K, committed 5760K, reserved 1048576K
}
Event: 35.198 GC heap before
{Heap before GC invocations=29 (full 2):
 PSYoungGen      total 24064K, used 23883K [0x00000000eab00000, 0x00000000ec580000, 0x0000000100000000)
  eden space 22016K, 100% used [0x00000000eab00000,0x00000000ec080000,0x00000000ec080000)
  from space 2048K, 91% used [0x00000000ec380000,0x00000000ec552c38,0x00000000ec580000)
  to   space 2560K, 0% used [0x00000000ec080000,0x00000000ec080000,0x00000000ec300000)
 ParOldGen       total 68608K, used 40180K [0x00000000c0000000, 0x00000000c4300000, 0x00000000eab00000)
  object space 68608K, 58% used [0x00000000c0000000,0x00000000c273d2d0,0x00000000c4300000)
 Metaspace       used 51661K, committed 52928K, reserved 1114112K
  class space    used 5411K, committed 5952K, reserved 1048576K
}
Event: 35.203 GC heap after
{Heap after GC invocations=29 (full 2):
 PSYoungGen      total 24576K, used 2406K [0x00000000eab00000, 0x00000000ec580000, 0x0000000100000000)
  eden space 22016K, 0% used [0x00000000eab00000,0x00000000eab00000,0x00000000ec080000)
  from space 2560K, 94% used [0x00000000ec080000,0x00000000ec2d9a08,0x00000000ec300000)
  to   space 2560K, 0% used [0x00000000ec300000,0x00000000ec300000,0x00000000ec580000)
 ParOldGen       total 68608K, used 41841K [0x00000000c0000000, 0x00000000c4300000, 0x00000000eab00000)
  object space 68608K, 60% used [0x00000000c0000000,0x00000000c28dc748,0x00000000c4300000)
 Metaspace       used 51661K, committed 52928K, reserved 1114112K
  class space    used 5411K, committed 5952K, reserved 1048576K
}
Event: 37.408 GC heap before
{Heap before GC invocations=30 (full 2):
 PSYoungGen      total 24576K, used 24422K [0x00000000eab00000, 0x00000000ec580000, 0x0000000100000000)
  eden space 22016K, 100% used [0x00000000eab00000,0x00000000ec080000,0x00000000ec080000)
  from space 2560K, 94% used [0x00000000ec080000,0x00000000ec2d9a08,0x00000000ec300000)
  to   space 2560K, 0% used [0x00000000ec300000,0x00000000ec300000,0x00000000ec580000)
 ParOldGen       total 68608K, used 41841K [0x00000000c0000000, 0x00000000c4300000, 0x00000000eab00000)
  object space 68608K, 60% used [0x00000000c0000000,0x00000000c28dc748,0x00000000c4300000)
 Metaspace       used 52473K, committed 53760K, reserved 1114112K
  class space    used 5521K, committed 6080K, reserved 1048576K
}
Event: 37.413 GC heap after
{Heap after GC invocations=30 (full 2):
 PSYoungGen      total 24064K, used 1563K [0x00000000eab00000, 0x00000000ec500000, 0x0000000100000000)
  eden space 22016K, 0% used [0x00000000eab00000,0x00000000eab00000,0x00000000ec080000)
  from space 2048K, 76% used [0x00000000ec300000,0x00000000ec486c68,0x00000000ec500000)
  to   space 2048K, 0% used [0x00000000ec100000,0x00000000ec100000,0x00000000ec300000)
 ParOldGen       total 68608K, used 44084K [0x00000000c0000000, 0x00000000c4300000, 0x00000000eab00000)
  object space 68608K, 64% used [0x00000000c0000000,0x00000000c2b0d2b8,0x00000000c4300000)
 Metaspace       used 52473K, committed 53760K, reserved 1114112K
  class space    used 5521K, committed 6080K, reserved 1048576K
}
Event: 38.769 GC heap before
{Heap before GC invocations=31 (full 2):
 PSYoungGen      total 24064K, used 23579K [0x00000000eab00000, 0x00000000ec500000, 0x0000000100000000)
  eden space 22016K, 100% used [0x00000000eab00000,0x00000000ec080000,0x00000000ec080000)
  from space 2048K, 76% used [0x00000000ec300000,0x00000000ec486c68,0x00000000ec500000)
  to   space 2048K, 0% used [0x00000000ec100000,0x00000000ec100000,0x00000000ec300000)
 ParOldGen       total 68608K, used 44084K [0x00000000c0000000, 0x00000000c4300000, 0x00000000eab00000)
  object space 68608K, 64% used [0x00000000c0000000,0x00000000c2b0d2b8,0x00000000c4300000)
 Metaspace       used 53515K, committed 54784K, reserved 1114112K
  class space    used 5614K, committed 6208K, reserved 1048576K
}
Event: 38.773 GC heap after
{Heap after GC invocations=31 (full 2):
 PSYoungGen      total 24064K, used 1631K [0x00000000eab00000, 0x00000000ec480000, 0x0000000100000000)
  eden space 22016K, 0% used [0x00000000eab00000,0x00000000eab00000,0x00000000ec080000)
  from space 2048K, 79% used [0x00000000ec100000,0x00000000ec297f38,0x00000000ec300000)
  to   space 1536K, 0% used [0x00000000ec300000,0x00000000ec300000,0x00000000ec480000)
 ParOldGen       total 68608K, used 45590K [0x00000000c0000000, 0x00000000c4300000, 0x00000000eab00000)
  object space 68608K, 66% used [0x00000000c0000000,0x00000000c2c85bd0,0x00000000c4300000)
 Metaspace       used 53515K, committed 54784K, reserved 1114112K
  class space    used 5614K, committed 6208K, reserved 1048576K
}
Event: 40.173 GC heap before
{Heap before GC invocations=32 (full 2):
 PSYoungGen      total 24064K, used 23647K [0x00000000eab00000, 0x00000000ec480000, 0x0000000100000000)
  eden space 22016K, 100% used [0x00000000eab00000,0x00000000ec080000,0x00000000ec080000)
  from space 2048K, 79% used [0x00000000ec100000,0x00000000ec297f38,0x00000000ec300000)
  to   space 1536K, 0% used [0x00000000ec300000,0x00000000ec300000,0x00000000ec480000)
 ParOldGen       total 68608K, used 45590K [0x00000000c0000000, 0x00000000c4300000, 0x00000000eab00000)
  object space 68608K, 66% used [0x00000000c0000000,0x00000000c2c85bd0,0x00000000c4300000)
 Metaspace       used 54476K, committed 55744K, reserved 1114112K
  class space    used 5688K, committed 6272K, reserved 1048576K
}
Event: 40.178 GC heap after
{Heap after GC invocations=32 (full 2):
 PSYoungGen      total 17920K, used 1506K [0x00000000eab00000, 0x00000000ed080000, 0x0000000100000000)
  eden space 16384K, 0% used [0x00000000eab00000,0x00000000eab00000,0x00000000ebb00000)
  from space 1536K, 98% used [0x00000000ec300000,0x00000000ec478a68,0x00000000ec480000)
  to   space 8192K, 0% used [0x00000000ebb00000,0x00000000ebb00000,0x00000000ec300000)
 ParOldGen       total 68608K, used 51194K [0x00000000c0000000, 0x00000000c4300000, 0x00000000eab00000)
  object space 68608K, 74% used [0x00000000c0000000,0x00000000c31febb0,0x00000000c4300000)
 Metaspace       used 54476K, committed 55744K, reserved 1114112K
  class space    used 5688K, committed 6272K, reserved 1048576K
}
Event: 42.365 GC heap before
{Heap before GC invocations=33 (full 2):
 PSYoungGen      total 17920K, used 17890K [0x00000000eab00000, 0x00000000ed080000, 0x0000000100000000)
  eden space 16384K, 100% used [0x00000000eab00000,0x00000000ebb00000,0x00000000ebb00000)
  from space 1536K, 98% used [0x00000000ec300000,0x00000000ec478a68,0x00000000ec480000)
  to   space 8192K, 0% used [0x00000000ebb00000,0x00000000ebb00000,0x00000000ec300000)
 ParOldGen       total 68608K, used 51194K [0x00000000c0000000, 0x00000000c4300000, 0x00000000eab00000)
  object space 68608K, 74% used [0x00000000c0000000,0x00000000c31febb0,0x00000000c4300000)
 Metaspace       used 55120K, committed 56384K, reserved 1114112K
  class space    used 5742K, committed 6336K, reserved 1048576K
}
Event: 42.369 GC heap after
{Heap after GC invocations=33 (full 2):
 PSYoungGen      total 18432K, used 1960K [0x00000000eab00000, 0x00000000ec380000, 0x0000000100000000)
  eden space 16384K, 0% used [0x00000000eab00000,0x00000000eab00000,0x00000000ebb00000)
  from space 2048K, 95% used [0x00000000ebb00000,0x00000000ebcea028,0x00000000ebd00000)
  to   space 4096K, 0% used [0x00000000ebf80000,0x00000000ebf80000,0x00000000ec380000)
 ParOldGen       total 68608K, used 52695K [0x00000000c0000000, 0x00000000c4300000, 0x00000000eab00000)
  object space 68608K, 76% used [0x00000000c0000000,0x00000000c3375f80,0x00000000c4300000)
 Metaspace       used 55120K, committed 56384K, reserved 1114112K
  class space    used 5742K, committed 6336K, reserved 1048576K
}
Event: 42.853 GC heap before
{Heap before GC invocations=34 (full 2):
 PSYoungGen      total 18432K, used 18344K [0x00000000eab00000, 0x00000000ec380000, 0x0000000100000000)
  eden space 16384K, 100% used [0x00000000eab00000,0x00000000ebb00000,0x00000000ebb00000)
  from space 2048K, 95% used [0x00000000ebb00000,0x00000000ebcea028,0x00000000ebd00000)
  to   space 4096K, 0% used [0x00000000ebf80000,0x00000000ebf80000,0x00000000ec380000)
 ParOldGen       total 68608K, used 52695K [0x00000000c0000000, 0x00000000c4300000, 0x00000000eab00000)
  object space 68608K, 76% used [0x00000000c0000000,0x00000000c3375f80,0x00000000c4300000)
 Metaspace       used 55276K, committed 56512K, reserved 1114112K
  class space    used 5752K, committed 6336K, reserved 1048576K
}
Event: 42.856 GC heap after
{Heap after GC invocations=34 (full 2):
 PSYoungGen      total 18432K, used 1822K [0x00000000eab00000, 0x00000000ec180000, 0x0000000100000000)
  eden space 16384K, 0% used [0x00000000eab00000,0x00000000eab00000,0x00000000ebb00000)
  from space 2048K, 89% used [0x00000000ebf80000,0x00000000ec147b80,0x00000000ec180000)
  to   space 2560K, 0% used [0x00000000ebc80000,0x00000000ebc80000,0x00000000ebf00000)
 ParOldGen       total 68608K, used 54556K [0x00000000c0000000, 0x00000000c4300000, 0x00000000eab00000)
  object space 68608K, 79% used [0x00000000c0000000,0x00000000c3547258,0x00000000c4300000)
 Metaspace       used 55276K, committed 56512K, reserved 1114112K
  class space    used 5752K, committed 6336K, reserved 1048576K
}
Event: 43.529 GC heap before
{Heap before GC invocations=35 (full 2):
 PSYoungGen      total 18432K, used 18132K [0x00000000eab00000, 0x00000000ec180000, 0x0000000100000000)
  eden space 16384K, 99% used [0x00000000eab00000,0x00000000ebaed5d8,0x00000000ebb00000)
  from space 2048K, 89% used [0x00000000ebf80000,0x00000000ec147b80,0x00000000ec180000)
  to   space 2560K, 0% used [0x00000000ebc80000,0x00000000ebc80000,0x00000000ebf00000)
 ParOldGen       total 68608K, used 54556K [0x00000000c0000000, 0x00000000c4300000, 0x00000000eab00000)
  object space 68608K, 79% used [0x00000000c0000000,0x00000000c3547258,0x00000000c4300000)
 Metaspace       used 55287K, committed 56576K, reserved 1114112K
  class space    used 5752K, committed 6336K, reserved 1048576K
}
Event: 43.532 GC heap after
{Heap after GC invocations=35 (full 2):
 PSYoungGen      total 16896K, used 500K [0x00000000eab00000, 0x00000000ec000000, 0x0000000100000000)
  eden space 16384K, 0% used [0x00000000eab00000,0x00000000eab00000,0x00000000ebb00000)
  from space 512K, 97% used [0x00000000ebc80000,0x00000000ebcfd360,0x00000000ebd00000)
  to   space 1536K, 0% used [0x00000000ebe80000,0x00000000ebe80000,0x00000000ec000000)
 ParOldGen       total 68608K, used 55496K [0x00000000c0000000, 0x00000000c4300000, 0x00000000eab00000)
  object space 68608K, 80% used [0x00000000c0000000,0x00000000c3632298,0x00000000c4300000)
 Metaspace       used 55287K, committed 56576K, reserved 1114112K
  class space    used 5752K, committed 6336K, reserved 1048576K
}

Dll operation events (10 events):
Event: 0.025 Loaded shared library c:\Users\Maud\.vscode\extensions\redhat.java-1.42.0-win32-x64\jre\21.0.7-win32-x86_64\bin\java.dll
Event: 0.424 Loaded shared library c:\Users\Maud\.vscode\extensions\redhat.java-1.42.0-win32-x64\jre\21.0.7-win32-x86_64\bin\zip.dll
Event: 0.482 Loaded shared library C:\Users\Maud\.vscode\extensions\redhat.java-1.42.0-win32-x64\jre\21.0.7-win32-x86_64\bin\instrument.dll
Event: 0.494 Loaded shared library C:\Users\Maud\.vscode\extensions\redhat.java-1.42.0-win32-x64\jre\21.0.7-win32-x86_64\bin\net.dll
Event: 0.499 Loaded shared library C:\Users\Maud\.vscode\extensions\redhat.java-1.42.0-win32-x64\jre\21.0.7-win32-x86_64\bin\nio.dll
Event: 0.509 Loaded shared library C:\Users\Maud\.vscode\extensions\redhat.java-1.42.0-win32-x64\jre\21.0.7-win32-x86_64\bin\zip.dll
Event: 0.651 Loaded shared library C:\Users\Maud\.vscode\extensions\redhat.java-1.42.0-win32-x64\jre\21.0.7-win32-x86_64\bin\jimage.dll
Event: 0.986 Loaded shared library c:\Users\Maud\.vscode\extensions\redhat.java-1.42.0-win32-x64\jre\21.0.7-win32-x86_64\bin\verify.dll
Event: 6.235 Loaded shared library C:\Users\Maud\AppData\Roaming\Code\User\globalStorage\redhat.java\1.42.0\config_win\org.eclipse.equinox.launcher\org.eclipse.equinox.launcher.win32.win32.x86_64_1.2.1300.v20250331-1702\eclipse_11911.dll
Event: 18.161 Loaded shared library C:\Users\Maud\AppData\Local\Temp\jna-2390851\jna5753304155110312574.dll

Deoptimization events (20 events):
Event: 42.761 Thread 0x000002856f4ff1b0 Uncommon trap: trap_request=0xffffffde fr.pc=0x0000028564e1eca4 relative=0x0000000000000fe4
Event: 42.761 Thread 0x000002856f4ff1b0 Uncommon trap: reason=class_check action=maybe_recompile pc=0x0000028564e1eca4 method=lombok.patcher.PatchScript$MethodPatcher.visitMethod(ILjava/lang/String;Ljava/lang/String;Ljava/lang/String;[Ljava/lang/String;)Lorg/lombokweb/asm/MethodVisitor; @ 101 c
Event: 42.761 Thread 0x000002856f4ff1b0 DEOPT PACKING pc=0x0000028564e1eca4 sp=0x000000c099dfa230
Event: 42.761 Thread 0x000002856f4ff1b0 DEOPT UNPACKING pc=0x00000285646d3aa2 sp=0x000000c099dfa1e8 mode 2
Event: 42.761 Thread 0x000002856f4ff1b0 Uncommon trap: trap_request=0xffffffde fr.pc=0x0000028564e1eca4 relative=0x0000000000000fe4
Event: 42.761 Thread 0x000002856f4ff1b0 Uncommon trap: reason=class_check action=maybe_recompile pc=0x0000028564e1eca4 method=lombok.patcher.PatchScript$MethodPatcher.visitMethod(ILjava/lang/String;Ljava/lang/String;Ljava/lang/String;[Ljava/lang/String;)Lorg/lombokweb/asm/MethodVisitor; @ 101 c
Event: 42.761 Thread 0x000002856f4ff1b0 DEOPT PACKING pc=0x0000028564e1eca4 sp=0x000000c099dfa230
Event: 42.761 Thread 0x000002856f4ff1b0 DEOPT UNPACKING pc=0x00000285646d3aa2 sp=0x000000c099dfa1e8 mode 2
Event: 43.443 Thread 0x000002856f4ff1b0 DEOPT PACKING pc=0x000002855da485d0 sp=0x000000c099dfa420
Event: 43.443 Thread 0x000002856f4ff1b0 DEOPT UNPACKING pc=0x00000285646d4242 sp=0x000000c099df99c8 mode 0
Event: 43.471 Thread 0x000002856f4ff1b0 DEOPT PACKING pc=0x000002855da485d0 sp=0x000000c099dfa420
Event: 43.471 Thread 0x000002856f4ff1b0 DEOPT UNPACKING pc=0x00000285646d4242 sp=0x000000c099df99c8 mode 0
Event: 43.488 Thread 0x000002856f4ff1b0 DEOPT PACKING pc=0x000002855da485d0 sp=0x000000c099dfa420
Event: 43.488 Thread 0x000002856f4ff1b0 DEOPT UNPACKING pc=0x00000285646d4242 sp=0x000000c099df99c8 mode 0
Event: 43.493 Thread 0x000002856f4ff1b0 DEOPT PACKING pc=0x000002855da485d0 sp=0x000000c099dfa420
Event: 43.493 Thread 0x000002856f4ff1b0 DEOPT UNPACKING pc=0x00000285646d4242 sp=0x000000c099df99c8 mode 0
Event: 43.558 Thread 0x000002856f4ff1b0 DEOPT PACKING pc=0x000002855da485d0 sp=0x000000c099dfa420
Event: 43.558 Thread 0x000002856f4ff1b0 DEOPT UNPACKING pc=0x00000285646d4242 sp=0x000000c099df99c8 mode 0
Event: 43.583 Thread 0x000002856f4ff1b0 DEOPT PACKING pc=0x000002855da485d0 sp=0x000000c099dfa420
Event: 43.583 Thread 0x000002856f4ff1b0 DEOPT UNPACKING pc=0x00000285646d4242 sp=0x000000c099df99c8 mode 0

Classes loaded (20 events):
Event: 34.406 Loading class java/util/TreeMap$NavigableSubMap$EntrySetView done
Event: 34.406 Loading class java/util/TreeMap$AscendingSubMap$AscendingEntrySetView done
Event: 34.406 Loading class java/util/TreeMap$NavigableSubMap$SubMapEntryIterator
Event: 34.407 Loading class java/util/TreeMap$NavigableSubMap$SubMapIterator
Event: 34.407 Loading class java/util/TreeMap$NavigableSubMap$SubMapIterator done
Event: 34.407 Loading class java/util/TreeMap$NavigableSubMap$SubMapEntryIterator done
Event: 34.420 Loading class java/util/concurrent/ForkJoinTask$AdaptedCallable
Event: 34.421 Loading class java/util/concurrent/ForkJoinTask$AdaptedCallable done
Event: 36.543 Loading class sun/nio/cs/ISO_8859_1$Encoder
Event: 36.543 Loading class sun/nio/cs/ISO_8859_1$Encoder done
Event: 36.543 Loading class sun/nio/cs/Surrogate$Parser
Event: 36.543 Loading class sun/nio/cs/Surrogate$Parser done
Event: 36.543 Loading class sun/nio/cs/Surrogate
Event: 36.544 Loading class sun/nio/cs/Surrogate done
Event: 37.063 Loading class java/util/Vector$1
Event: 37.063 Loading class java/util/Vector$1 done
Event: 38.277 Loading class java/util/regex/Pattern$Caret
Event: 38.278 Loading class java/util/regex/Pattern$Caret done
Event: 38.458 Loading class java/util/regex/Pattern$LazyLoop
Event: 38.458 Loading class java/util/regex/Pattern$LazyLoop done

Classes unloaded (7 events):
Event: 19.712 Thread 0x000002855a01aa30 Unloading class 0x00000285011a3c00 'java/lang/invoke/LambdaForm$MH+0x00000285011a3c00'
Event: 19.712 Thread 0x000002855a01aa30 Unloading class 0x00000285011a3800 'java/lang/invoke/LambdaForm$MH+0x00000285011a3800'
Event: 19.712 Thread 0x000002855a01aa30 Unloading class 0x00000285011a3400 'java/lang/invoke/LambdaForm$MH+0x00000285011a3400'
Event: 19.712 Thread 0x000002855a01aa30 Unloading class 0x00000285011a3000 'java/lang/invoke/LambdaForm$MH+0x00000285011a3000'
Event: 19.712 Thread 0x000002855a01aa30 Unloading class 0x00000285011a2c00 'java/lang/invoke/LambdaForm$BMH+0x00000285011a2c00'
Event: 19.712 Thread 0x000002855a01aa30 Unloading class 0x00000285011a2800 'java/lang/invoke/LambdaForm$DMH+0x00000285011a2800'
Event: 19.712 Thread 0x000002855a01aa30 Unloading class 0x00000285011a1400 'java/lang/invoke/LambdaForm$DMH+0x00000285011a1400'

Classes redefined (0 events):
No events

Internal exceptions (20 events):
Event: 33.324 Thread 0x000002856f4ff1b0 Exception <a 'java/io/FileNotFoundException'{0x00000000eb98ff68}> (0x00000000eb98ff68) 
thrown [s\src\hotspot\share\prims\jni.cpp, line 520]
Event: 33.324 Thread 0x000002856f4ff1b0 Exception <a 'java/io/FileNotFoundException'{0x00000000eb9912f8}> (0x00000000eb9912f8) 
thrown [s\src\hotspot\share\prims\jni.cpp, line 520]
Event: 33.325 Thread 0x000002856f4ff1b0 Exception <a 'java/io/FileNotFoundException'{0x00000000eb9926f0}> (0x00000000eb9926f0) 
thrown [s\src\hotspot\share\prims\jni.cpp, line 520]
Event: 34.413 Thread 0x000002856f4ff1b0 Exception <a 'sun/nio/fs/WindowsException'{0x00000000ebdd5100}> (0x00000000ebdd5100) 
thrown [s\src\hotspot\share\prims\jni.cpp, line 520]
Event: 34.473 Thread 0x0000028575fe8ba0 Exception <a 'sun/nio/fs/WindowsException'{0x00000000ebe67210}> (0x00000000ebe67210) 
thrown [s\src\hotspot\share\prims\jni.cpp, line 520]
Event: 34.475 Thread 0x0000028575fe8ba0 Exception <a 'sun/nio/fs/WindowsException'{0x00000000ebe6e018}> (0x00000000ebe6e018) 
thrown [s\src\hotspot\share\prims\jni.cpp, line 520]
Event: 34.479 Thread 0x0000028575fe8ba0 Exception <a 'sun/nio/fs/WindowsException'{0x00000000ebe717c8}> (0x00000000ebe717c8) 
thrown [s\src\hotspot\share\prims\jni.cpp, line 520]
Event: 34.488 Thread 0x0000028575fe8ba0 Exception <a 'sun/nio/fs/WindowsException'{0x00000000ebe75af8}> (0x00000000ebe75af8) 
thrown [s\src\hotspot\share\prims\jni.cpp, line 520]
Event: 34.494 Thread 0x0000028575fe8ba0 Exception <a 'sun/nio/fs/WindowsException'{0x00000000ebe78540}> (0x00000000ebe78540) 
thrown [s\src\hotspot\share\prims\jni.cpp, line 520]
Event: 34.511 Thread 0x0000028575fecd40 Exception <a 'sun/nio/fs/WindowsException'{0x00000000ebeccaa0}> (0x00000000ebeccaa0) 
thrown [s\src\hotspot\share\prims\jni.cpp, line 520]
Event: 34.538 Thread 0x0000028575fe5db0 Exception <a 'sun/nio/fs/WindowsException'{0x00000000ebf081c8}> (0x00000000ebf081c8) 
thrown [s\src\hotspot\share\prims\jni.cpp, line 520]
Event: 34.541 Thread 0x0000028575fecd40 Exception <a 'sun/nio/fs/WindowsException'{0x00000000ebece9b0}> (0x00000000ebece9b0) 
thrown [s\src\hotspot\share\prims\jni.cpp, line 520]
Event: 34.544 Thread 0x0000028575fecd40 Exception <a 'sun/nio/fs/WindowsException'{0x00000000ebed1558}> (0x00000000ebed1558) 
thrown [s\src\hotspot\share\prims\jni.cpp, line 520]
Event: 34.546 Thread 0x0000028575fecd40 Exception <a 'sun/nio/fs/WindowsException'{0x00000000ebed38a0}> (0x00000000ebed38a0) 
thrown [s\src\hotspot\share\prims\jni.cpp, line 520]
Event: 34.554 Thread 0x0000028575fecd40 Exception <a 'sun/nio/fs/WindowsException'{0x00000000ebed62c0}> (0x00000000ebed62c0) 
thrown [s\src\hotspot\share\prims\jni.cpp, line 520]
Event: 34.639 Thread 0x000002856f4ff1b0 Exception <a 'sun/nio/fs/WindowsException'{0x00000000ebf95fc0}> (0x00000000ebf95fc0) 
thrown [s\src\hotspot\share\prims\jni.cpp, line 520]
Event: 34.652 Thread 0x000002856f4ff1b0 Exception <a 'sun/nio/fs/WindowsException'{0x00000000ebfbebd0}> (0x00000000ebfbebd0) 
thrown [s\src\hotspot\share\prims\jni.cpp, line 520]
Event: 37.954 Thread 0x000002856f501910 Implicit null exception at 0x0000028565010d5a to 0x0000028565010e58
Event: 40.657 Thread 0x000002856f4ff1b0 Exception <a 'java/lang/NoSuchMethodError'{0x00000000eb308a30}: 'java.lang.Object java.lang.invoke.DirectMethodHandle$Holder.invokeStatic(java.lang.Object, java.lang.Object, int, int)'> (0x00000000eb308a30) 
thrown [s\src\hotspot\share\interpreter\linkResolver.cpp, line 773]
Event: 40.658 Thread 0x000002856f4ff1b0 Exception <a 'java/lang/NoSuchMethodError'{0x00000000eb30cd40}: 'java.lang.Object java.lang.invoke.DirectMethodHandle$Holder.invokeSpecial(java.lang.Object, java.lang.Object, java.lang.Object, int, int)'> (0x00000000eb30cd40) 
thrown [s\src\hotspot\share\interpreter\linkResolver.cpp, line 773]

ZGC Phase Switch (0 events):
No events

VM Operations (20 events):
Event: 37.330 Executing VM operation: Cleanup
Event: 37.346 Executing VM operation: Cleanup done
Event: 37.375 Executing VM operation: ParallelGCFailedAllocation (Allocation Failure)
Event: 37.413 Executing VM operation: ParallelGCFailedAllocation (Allocation Failure) done
Event: 38.422 Executing VM operation: Cleanup
Event: 38.437 Executing VM operation: Cleanup done
Event: 38.521 Executing VM operation: ParallelGCFailedAllocation (Allocation Failure)
Event: 38.773 Executing VM operation: ParallelGCFailedAllocation (Allocation Failure) done
Event: 39.787 Executing VM operation: Cleanup
Event: 40.145 Executing VM operation: Cleanup done
Event: 40.173 Executing VM operation: ParallelGCFailedAllocation (Allocation Failure)
Event: 40.178 Executing VM operation: ParallelGCFailedAllocation (Allocation Failure) done
Event: 41.180 Executing VM operation: Cleanup
Event: 42.362 Executing VM operation: Cleanup done
Event: 42.364 Executing VM operation: ParallelGCFailedAllocation (Allocation Failure)
Event: 42.369 Executing VM operation: ParallelGCFailedAllocation (Allocation Failure) done
Event: 42.853 Executing VM operation: ParallelGCFailedAllocation (Allocation Failure)
Event: 42.856 Executing VM operation: ParallelGCFailedAllocation (Allocation Failure) done
Event: 43.505 Executing VM operation: ParallelGCFailedAllocation (Allocation Failure)
Event: 43.532 Executing VM operation: ParallelGCFailedAllocation (Allocation Failure) done

Memory protections (0 events):
No events

Nmethod flushes (20 events):
Event: 24.351 Thread 0x000002855a01aa30 flushing  nmethod 0x000002855d81ed10
Event: 24.351 Thread 0x000002855a01aa30 flushing  nmethod 0x000002855d821f90
Event: 24.351 Thread 0x000002855a01aa30 flushing  nmethod 0x000002855d822890
Event: 24.351 Thread 0x000002855a01aa30 flushing  nmethod 0x000002855d823a90
Event: 24.351 Thread 0x000002855a01aa30 flushing  nmethod 0x000002855d824290
Event: 24.351 Thread 0x000002855a01aa30 flushing  nmethod 0x000002855d825f90
Event: 24.351 Thread 0x000002855a01aa30 flushing  nmethod 0x000002855d826490
Event: 24.351 Thread 0x000002855a01aa30 flushing  nmethod 0x000002855d827990
Event: 24.351 Thread 0x000002855a01aa30 flushing  nmethod 0x000002855d828610
Event: 24.351 Thread 0x000002855a01aa30 flushing  nmethod 0x000002855d832690
Event: 24.351 Thread 0x000002855a01aa30 flushing  nmethod 0x000002855d833810
Event: 24.351 Thread 0x000002855a01aa30 flushing  nmethod 0x000002855d87a890
Event: 24.351 Thread 0x000002855a01aa30 flushing  nmethod 0x000002855d881710
Event: 24.351 Thread 0x000002855a01aa30 flushing  nmethod 0x000002855d885e90
Event: 24.351 Thread 0x000002855a01aa30 flushing  nmethod 0x000002855d8d6f10
Event: 24.351 Thread 0x000002855a01aa30 flushing  nmethod 0x000002855d8d9210
Event: 24.351 Thread 0x000002855a01aa30 flushing  nmethod 0x000002855d90da90
Event: 24.351 Thread 0x000002855a01aa30 flushing  nmethod 0x000002855d94a790
Event: 24.351 Thread 0x000002855a01aa30 flushing  nmethod 0x000002855d955410
Event: 24.351 Thread 0x000002855a01aa30 flushing  nmethod 0x000002855d955890

Events (20 events):
Event: 25.260 Thread 0x0000028557d202f0 Thread added: 0x0000028575fe98c0
Event: 25.260 Thread 0x0000028557d202f0 Thread added: 0x0000028575fe9230
Event: 25.261 Thread 0x0000028557d202f0 Thread added: 0x0000028575fe6ad0
Event: 25.463 Thread 0x000002856f654220 Thread exited: 0x000002856f654220
Event: 25.824 Thread 0x0000028557d202f0 Thread added: 0x0000028575fec020
Event: 27.358 Thread 0x000002857568dbc0 Thread exited: 0x000002857568dbc0
Event: 27.528 Thread 0x000002856e301db0 Thread added: 0x00000285769a7760
Event: 27.739 Thread 0x0000028557d202f0 Thread added: 0x0000028575fec6b0
Event: 27.739 Thread 0x0000028557d202f0 Thread added: 0x0000028575fe9f50
Event: 28.212 Thread 0x000002856f500560 Thread added: 0x0000028575fe6440
Event: 29.856 Thread 0x00000285769a7760 Thread exited: 0x00000285769a7760
Event: 29.945 Thread 0x000002856e301db0 Thread added: 0x0000028576fe0dc0
Event: 34.421 Thread 0x000002856f4ff1b0 Thread added: 0x0000028575fe8ba0
Event: 34.474 Thread 0x0000028575fe8ba0 Thread added: 0x0000028575fecd40
Event: 34.511 Thread 0x0000028575fecd40 Thread added: 0x0000028575fe5db0
Event: 34.512 Thread 0x0000028575fecd40 Thread added: 0x0000028575fe7160
Event: 34.760 Thread 0x0000028576fe0dc0 Thread exited: 0x0000028576fe0dc0
Event: 35.207 Thread 0x000002856f4ff1b0 Thread added: 0x0000028575feac70
Event: 35.207 Thread 0x000002856f4ff1b0 Thread added: 0x0000028575fea5e0
Event: 40.366 Thread 0x000002856e301db0 Thread added: 0x0000028576567340


Dynamic libraries:
0x00007ff72f560000 - 0x00007ff72f56e000 	c:\Users\Maud\.vscode\extensions\redhat.java-1.42.0-win32-x64\jre\21.0.7-win32-x86_64\bin\java.exe
0x00007ff9c7430000 - 0x00007ff9c7628000 	C:\Windows\SYSTEM32\ntdll.dll
0x00007ff9c7110000 - 0x00007ff9c71d2000 	C:\Windows\System32\KERNEL32.DLL
0x00007ff9c5130000 - 0x00007ff9c5426000 	C:\Windows\System32\KERNELBASE.dll
0x00007ff9bf020000 - 0x00007ff9bf0b4000 	C:\Windows\SYSTEM32\apphelp.dll
0x00007ff9c5030000 - 0x00007ff9c5130000 	C:\Windows\System32\ucrtbase.dll
0x00007ff9b95a0000 - 0x00007ff9b95b8000 	c:\Users\Maud\.vscode\extensions\redhat.java-1.42.0-win32-x64\jre\21.0.7-win32-x86_64\bin\jli.dll
0x00007ff9c7250000 - 0x00007ff9c73ed000 	C:\Windows\System32\USER32.dll
0x00007ff9c5430000 - 0x00007ff9c5452000 	C:\Windows\System32\win32u.dll
0x00007ff9c55e0000 - 0x00007ff9c560b000 	C:\Windows\System32\GDI32.dll
0x00007ff9c4e00000 - 0x00007ff9c4f1a000 	C:\Windows\System32\gdi32full.dll
0x00007ff9c4ad0000 - 0x00007ff9c4b6d000 	C:\Windows\System32\msvcp_win.dll
0x00007ff9b4a80000 - 0x00007ff9b4a9e000 	c:\Users\Maud\.vscode\extensions\redhat.java-1.42.0-win32-x64\jre\21.0.7-win32-x86_64\bin\VCRUNTIME140.dll
0x00007ff9b2b90000 - 0x00007ff9b2e2a000 	C:\Windows\WinSxS\amd64_microsoft.windows.common-controls_6595b64144ccf1df_6.0.19041.5794_none_60bcd33171f2783c\COMCTL32.dll
0x00007ff9c6340000 - 0x00007ff9c63de000 	C:\Windows\System32\msvcrt.dll
0x00007ff9c5810000 - 0x00007ff9c583f000 	C:\Windows\System32\IMM32.DLL
0x00007ff9c32a0000 - 0x00007ff9c32ac000 	c:\Users\Maud\.vscode\extensions\redhat.java-1.42.0-win32-x64\jre\21.0.7-win32-x86_64\bin\vcruntime140_1.dll
0x00007ff9b4690000 - 0x00007ff9b471d000 	c:\Users\Maud\.vscode\extensions\redhat.java-1.42.0-win32-x64\jre\21.0.7-win32-x86_64\bin\msvcp140.dll
0x00007ff9889a0000 - 0x00007ff989730000 	c:\Users\Maud\.vscode\extensions\redhat.java-1.42.0-win32-x64\jre\21.0.7-win32-x86_64\bin\server\jvm.dll
0x00007ff9c5840000 - 0x00007ff9c58ef000 	C:\Windows\System32\ADVAPI32.dll
0x00007ff9c5d40000 - 0x00007ff9c5ddf000 	C:\Windows\System32\sechost.dll
0x00007ff9c6ea0000 - 0x00007ff9c6fc3000 	C:\Windows\System32\RPCRT4.dll
0x00007ff9c4f20000 - 0x00007ff9c4f47000 	C:\Windows\System32\bcrypt.dll
0x00007ff9c6590000 - 0x00007ff9c65fb000 	C:\Windows\System32\WS2_32.dll
0x00007ff9c3fd0000 - 0x00007ff9c401b000 	C:\Windows\SYSTEM32\POWRPROF.dll
0x00007ff9b0580000 - 0x00007ff9b05a7000 	C:\Windows\SYSTEM32\WINMM.dll
0x00007ff9b6a70000 - 0x00007ff9b6a7a000 	C:\Windows\SYSTEM32\VERSION.dll
0x00007ff9c3e90000 - 0x00007ff9c3ea2000 	C:\Windows\SYSTEM32\UMPDC.dll
0x00007ff9c32b0000 - 0x00007ff9c32c2000 	C:\Windows\SYSTEM32\kernel.appcore.dll
0x00007ff9be100000 - 0x00007ff9be10a000 	c:\Users\Maud\.vscode\extensions\redhat.java-1.42.0-win32-x64\jre\21.0.7-win32-x86_64\bin\jimage.dll
0x00007ff9b6ed0000 - 0x00007ff9b70d1000 	C:\Windows\SYSTEM32\DBGHELP.DLL
0x00007ff9a1bf0000 - 0x00007ff9a1c24000 	C:\Windows\SYSTEM32\dbgcore.DLL
0x00007ff9c4fa0000 - 0x00007ff9c5022000 	C:\Windows\System32\bcryptPrimitives.dll
0x00007ff9bc2c0000 - 0x00007ff9bc2cf000 	c:\Users\Maud\.vscode\extensions\redhat.java-1.42.0-win32-x64\jre\21.0.7-win32-x86_64\bin\instrument.dll
0x00007ff9b48e0000 - 0x00007ff9b48ff000 	c:\Users\Maud\.vscode\extensions\redhat.java-1.42.0-win32-x64\jre\21.0.7-win32-x86_64\bin\java.dll
0x00007ff9c6600000 - 0x00007ff9c6d6e000 	C:\Windows\System32\SHELL32.dll
0x00007ff9c2900000 - 0x00007ff9c30a3000 	C:\Windows\SYSTEM32\windows.storage.dll
0x00007ff9c58f0000 - 0x00007ff9c5c43000 	C:\Windows\System32\combase.dll
0x00007ff9c4420000 - 0x00007ff9c444b000 	C:\Windows\SYSTEM32\Wldp.dll
0x00007ff9c5610000 - 0x00007ff9c56dd000 	C:\Windows\System32\OLEAUT32.dll
0x00007ff9c56e0000 - 0x00007ff9c578d000 	C:\Windows\System32\SHCORE.dll
0x00007ff9c5ce0000 - 0x00007ff9c5d35000 	C:\Windows\System32\shlwapi.dll
0x00007ff9c4a00000 - 0x00007ff9c4a25000 	C:\Windows\SYSTEM32\profapi.dll
0x00007ff9b47c0000 - 0x00007ff9b47d8000 	c:\Users\Maud\.vscode\extensions\redhat.java-1.42.0-win32-x64\jre\21.0.7-win32-x86_64\bin\zip.dll
0x00007ff9bc170000 - 0x00007ff9bc180000 	C:\Users\Maud\.vscode\extensions\redhat.java-1.42.0-win32-x64\jre\21.0.7-win32-x86_64\bin\net.dll
0x00007ff9c3160000 - 0x00007ff9c326a000 	C:\Windows\SYSTEM32\WINHTTP.dll
0x00007ff9c4200000 - 0x00007ff9c426c000 	C:\Windows\system32\mswsock.dll
0x00007ff9b27d0000 - 0x00007ff9b27e6000 	C:\Users\Maud\.vscode\extensions\redhat.java-1.42.0-win32-x64\jre\21.0.7-win32-x86_64\bin\nio.dll
0x00007ff9bbfd0000 - 0x00007ff9bbfe0000 	c:\Users\Maud\.vscode\extensions\redhat.java-1.42.0-win32-x64\jre\21.0.7-win32-x86_64\bin\verify.dll
0x00007ff9b4770000 - 0x00007ff9b47b5000 	C:\Users\Maud\AppData\Roaming\Code\User\globalStorage\redhat.java\1.42.0\config_win\org.eclipse.equinox.launcher\org.eclipse.equinox.launcher.win32.win32.x86_64_1.2.1300.v20250331-1702\eclipse_11911.dll
0x00007ff9c6d70000 - 0x00007ff9c6e9b000 	C:\Windows\System32\ole32.dll
0x00007ff9c47c0000 - 0x00007ff9c47d8000 	C:\Windows\SYSTEM32\CRYPTSP.dll
0x00007ff9c3ad0000 - 0x00007ff9c3b08000 	C:\Windows\system32\rsaenh.dll
0x00007ff9c49c0000 - 0x00007ff9c49ee000 	C:\Windows\SYSTEM32\USERENV.dll
0x00007ff9c4390000 - 0x00007ff9c439c000 	C:\Windows\SYSTEM32\CRYPTBASE.dll
0x00007ff9c3eb0000 - 0x00007ff9c3eeb000 	C:\Windows\SYSTEM32\IPHLPAPI.DLL
0x00007ff9c5ec0000 - 0x00007ff9c5ec8000 	C:\Windows\System32\NSI.dll
0x00007ff9a8a80000 - 0x00007ff9a8ac9000 	C:\Users\Maud\AppData\Local\Temp\jna-2390851\jna5753304155110312574.dll
0x00007ff9c71e0000 - 0x00007ff9c71e8000 	C:\Windows\System32\PSAPI.DLL
0x00007ff9b69e0000 - 0x00007ff9b69f7000 	C:\Windows\SYSTEM32\dhcpcsvc6.DLL
0x00007ff9b9ca0000 - 0x00007ff9b9cbd000 	C:\Windows\SYSTEM32\dhcpcsvc.DLL

dbghelp: loaded successfully - version: 4.0.5 - missing functions: none
symbol engine: initialized successfully - sym options: 0x614 - pdb path: .;c:\Users\Maud\.vscode\extensions\redhat.java-1.42.0-win32-x64\jre\21.0.7-win32-x86_64\bin;C:\Windows\SYSTEM32;C:\Windows\WinSxS\amd64_microsoft.windows.common-controls_6595b64144ccf1df_6.0.19041.5794_none_60bcd33171f2783c;c:\Users\Maud\.vscode\extensions\redhat.java-1.42.0-win32-x64\jre\21.0.7-win32-x86_64\bin\server;C:\Users\Maud\AppData\Roaming\Code\User\globalStorage\redhat.java\1.42.0\config_win\org.eclipse.equinox.launcher\org.eclipse.equinox.launcher.win32.win32.x86_64_1.2.1300.v20250331-1702;C:\Users\Maud\AppData\Local\Temp\jna-2390851

VM Arguments:
jvm_args: --add-modules=ALL-SYSTEM --add-opens=java.base/java.util=ALL-UNNAMED --add-opens=java.base/java.lang=ALL-UNNAMED --add-opens=java.base/sun.nio.fs=ALL-UNNAMED -Declipse.application=org.eclipse.jdt.ls.core.id1 -Dosgi.bundles.defaultStartLevel=4 -Declipse.product=org.eclipse.jdt.ls.core.product -Djava.import.generatesMetadataFilesAtProjectRoot=false -DDetectVMInstallationsJob.disabled=true -Dfile.encoding=utf8 -XX:+UseParallelGC -XX:GCTimeRatio=4 -XX:AdaptiveSizePolicyWeight=90 -Dsun.zip.disableMemoryMapping=true -Xmx1G -Xms100m -Xlog:disable -javaagent:c:\Users\Maud\.vscode\extensions\redhat.java-1.42.0-win32-x64\lombok\lombok-1.18.36.jar -XX:+HeapDumpOnOutOfMemoryError -XX:HeapDumpPath=c:\Users\Maud\AppData\Roaming\Code\User\workspaceStorage\2afd65d604ca17908bea6cc3028f357a\redhat.java -Daether.dependencyCollector.impl=bf 
java_command: c:\Users\Maud\.vscode\extensions\redhat.java-1.42.0-win32-x64\server\plugins\org.eclipse.equinox.launcher_1.7.0.v20250424-1814.jar -configuration c:\Users\Maud\AppData\Roaming\Code\User\globalStorage\redhat.java\1.42.0\config_win -data c:\Users\Maud\AppData\Roaming\Code\User\workspaceStorage\2afd65d604ca17908bea6cc3028f357a\redhat.java\jdt_ws --pipe=\\.\pipe\lsp-93bcb704a5738be83bbd3c6f4495c0bd-sock
java_class_path (initial): c:\Users\Maud\.vscode\extensions\redhat.java-1.42.0-win32-x64\server\plugins\org.eclipse.equinox.launcher_1.7.0.v20250424-1814.jar
Launcher Type: SUN_STANDARD

[Global flags]
    uintx AdaptiveSizePolicyWeight                 = 90                                        {product} {command line}
     intx CICompilerCount                          = 3                                         {product} {ergonomic}
    uintx GCTimeRatio                              = 4                                         {product} {command line}
     bool HeapDumpOnOutOfMemoryError               = true                                   {manageable} {command line}
    ccstr HeapDumpPath                             = c:\Users\Maud\AppData\Roaming\Code\User\workspaceStorage\2afd65d604ca17908bea6cc3028f357a\redhat.java         {manageable} {command line}
   size_t InitialHeapSize                          = 104857600                                 {product} {command line}
   size_t MaxHeapSize                              = 1073741824                                {product} {command line}
   size_t MaxNewSize                               = 357564416                                 {product} {ergonomic}
   size_t MinHeapDeltaBytes                        = 524288                                    {product} {ergonomic}
   size_t MinHeapSize                              = 104857600                                 {product} {command line}
   size_t NewSize                                  = 34603008                                  {product} {ergonomic}
    uintx NonNMethodCodeHeapSize                   = 5832780                                {pd product} {ergonomic}
    uintx NonProfiledCodeHeapSize                  = 122912730                              {pd product} {ergonomic}
   size_t OldSize                                  = 70254592                                  {product} {ergonomic}
    uintx ProfiledCodeHeapSize                     = 122912730                              {pd product} {ergonomic}
    uintx ReservedCodeCacheSize                    = 251658240                              {pd product} {ergonomic}
     bool SegmentedCodeCache                       = true                                      {product} {ergonomic}
   size_t SoftMaxHeapSize                          = 1073741824                             {manageable} {ergonomic}
     bool UseCompressedOops                        = true                           {product lp64_product} {ergonomic}
     bool UseLargePagesIndividualAllocation        = false                                  {pd product} {ergonomic}
     bool UseParallelGC                            = true                                      {product} {command line}

Logging:
Log output configuration:
 #0: stdout all=off uptime,level,tags foldmultilines=false
 #1: stderr all=off uptime,level,tags foldmultilines=false

Environment Variables:
JAVA_HOME=C:\Program Files\Eclipse Adoptium\jdk-21.0.5.11-hotspot\
PATH=C:\Program Files\Eclipse Adoptium\jdk-21.0.5.11-hotspot\bin;C:\Program Files\Common Files\Oracle\Java\javapath;C:\Program Files (x86)\Common Files\Oracle\Java\javapath;C:\Windows\system32;C:\Windows;C:\Windows\System32\Wbem;C:\Windows\System32\WindowsPowerShell\v1.0\;C:\Windows\System32\OpenSSH\;C:\Program Files (x86)\Common Files\Acronis\SnapAPI\;C:\Program Files (x86)\Common Files\Acronis\VirtualFile\;C:\Program Files (x86)\Common Files\Acronis\VirtualFile64\;C:\Program Files (x86)\Common Files\Acronis\FileProtector\;C:\Program Files (x86)\Common Files\Acronis\FileProtector64\;C:\Program Files (x86)\dotnet\;C:\Program Files\Git\cmd;C:\Users\Maud\Downloads\apache-maven-3.9.9-bin\apache-maven-3.9.9\bin;C:\Program Files\nodejs\;;C:\Program Files\Docker\Docker\resources\bin;C:\Users\Maud\AppData\Local\Programs\Python\Python310\Scripts\;C:\Users\Maud\AppData\Local\Programs\Python\Python310\;C:\Users\Maud\AppData\Local\Microsoft\WindowsApps;;C:\Program Files\JetBrains\PyCharm Community Edition 2021.3.2\bin;;C:\Users\Maud\AppData\Local\Programs\Microsoft VS Code\bin;C:\Users\Maud\AppData\Roaming\npm
USERNAME=Maud
OS=Windows_NT
PROCESSOR_IDENTIFIER=Intel64 Family 6 Model 60 Stepping 3, GenuineIntel
TMP=C:\Users\Maud\AppData\Local\Temp
TEMP=C:\Users\Maud\AppData\Local\Temp




Periodic native trim disabled

---------------  S Y S T E M  ---------------

OS:
 Windows 10 , 64 bit Build 19041 (10.0.19041.5794)
OS uptime: 4 days 2:52 hours
Hyper-V role detected

CPU: total 4 (initial active 4) (2 cores per cpu, 2 threads per core) family 6 model 60 stepping 3 microcode 0x27, cx8, cmov, fxsr, ht, mmx, sse, sse2, sse3, ssse3, sse4.1, sse4.2, popcnt, lzcnt, tsc, tscinvbit, avx, avx2, aes, erms, clmul, bmi1, bmi2, fma, vzeroupper, clflush, hv, rdtscp, f16c
Processor Information for the first 4 processors :
  Max Mhz: 2594, Current Mhz: 2594, Mhz Limit: 2594

Memory: 4k page, system-wide physical 7879M (410M free)
TotalPageFile size 22121M (AvailPageFile size 15M)
current process WorkingSet (physical memory assigned to process): 280M, peak: 286M
current process commit charge ("private bytes"): 319M, peak: 324M

vm_info: OpenJDK 64-Bit Server VM (21.0.7+6-LTS) for windows-amd64 JRE (21.0.7+6-LTS), built on 2025-04-15T00:00:00Z by "admin" with MS VC++ 17.7 (VS2022)

END.
